{"/home/filken/dev/horti_clj/horti-ui/src/App.js": {"path":"/home/filken/dev/horti_clj/horti-ui/src/App.js","statementMap":{"0":{"start":{"line":14,"column":14},"end":{"line":22,"column":1}},"1":{"start":{"line":24,"column":18},"end":{"line":51,"column":1}},"2":{"start":{"line":25,"column":19},"end":{"line":25,"column":32}},"3":{"start":{"line":27,"column":2},"end":{"line":50,"column":4}},"4":{"start":{"line":34,"column":25},"end":{"line":34,"column":38}},"5":{"start":{"line":54,"column":26},"end":{"line":54,"column":40}},"6":{"start":{"line":55,"column":28},"end":{"line":55,"column":71}},"7":{"start":{"line":57,"column":2},"end":{"line":76,"column":14}},"8":{"start":{"line":58,"column":4},"end":{"line":75,"column":5}},"9":{"start":{"line":59,"column":6},"end":{"line":74,"column":7}},"10":{"start":{"line":60,"column":24},"end":{"line":60,"column":40}},"11":{"start":{"line":61,"column":28},"end":{"line":61,"column":45}},"12":{"start":{"line":63,"column":8},"end":{"line":69,"column":9}},"13":{"start":{"line":64,"column":10},"end":{"line":64,"column":27}},"14":{"start":{"line":67,"column":10},"end":{"line":67,"column":47}},"15":{"start":{"line":68,"column":10},"end":{"line":68,"column":25}},"16":{"start":{"line":71,"column":8},"end":{"line":71,"column":47}},"17":{"start":{"line":72,"column":8},"end":{"line":72,"column":45}},"18":{"start":{"line":73,"column":8},"end":{"line":73,"column":23}},"19":{"start":{"line":78,"column":22},"end":{"line":81,"column":3}},"20":{"start":{"line":79,"column":4},"end":{"line":79,"column":51}},"21":{"start":{"line":80,"column":4},"end":{"line":80,"column":26}},"22":{"start":{"line":83,"column":23},"end":{"line":87,"column":3}},"23":{"start":{"line":84,"column":4},"end":{"line":84,"column":41}},"24":{"start":{"line":85,"column":4},"end":{"line":85,"column":19}},"25":{"start":{"line":86,"column":4},"end":{"line":86,"column":18}},"26":{"start":{"line":89,"column":2},"end":{"line":126,"column":4}}},"fnMap":{"0":{"name":"(anonymous_0)","decl":{"start":{"line":24,"column":18},"end":{"line":24,"column":19}},"loc":{"start":{"line":24,"column":46},"end":{"line":51,"column":1}},"line":24},"1":{"name":"(anonymous_1)","decl":{"start":{"line":34,"column":19},"end":{"line":34,"column":20}},"loc":{"start":{"line":34,"column":25},"end":{"line":34,"column":38}},"line":34},"2":{"name":"App","decl":{"start":{"line":53,"column":9},"end":{"line":53,"column":12}},"loc":{"start":{"line":53,"column":15},"end":{"line":127,"column":1}},"line":53},"3":{"name":"(anonymous_3)","decl":{"start":{"line":57,"column":12},"end":{"line":57,"column":13}},"loc":{"start":{"line":57,"column":18},"end":{"line":76,"column":3}},"line":57},"4":{"name":"(anonymous_4)","decl":{"start":{"line":78,"column":22},"end":{"line":78,"column":23}},"loc":{"start":{"line":78,"column":39},"end":{"line":81,"column":3}},"line":78},"5":{"name":"(anonymous_5)","decl":{"start":{"line":83,"column":23},"end":{"line":83,"column":24}},"loc":{"start":{"line":83,"column":29},"end":{"line":87,"column":3}},"line":83}},"branchMap":{"0":{"loc":{"start":{"line":38,"column":9},"end":{"line":47,"column":9}},"type":"binary-expr","locations":[{"start":{"line":38,"column":9},"end":{"line":38,"column":13}},{"start":{"line":39,"column":10},"end":{"line":46,"column":18}}],"line":38},"1":{"loc":{"start":{"line":41,"column":24},"end":{"line":41,"column":47}},"type":"binary-expr","locations":[{"start":{"line":41,"column":24},"end":{"line":41,"column":33}},{"start":{"line":41,"column":37},"end":{"line":41,"column":47}}],"line":41},"2":{"loc":{"start":{"line":58,"column":4},"end":{"line":75,"column":5}},"type":"if","locations":[{"start":{"line":58,"column":4},"end":{"line":75,"column":5}},{"start":{},"end":{}}],"line":58},"3":{"loc":{"start":{"line":63,"column":8},"end":{"line":69,"column":9}},"type":"if","locations":[{"start":{"line":63,"column":8},"end":{"line":69,"column":9}},{"start":{"line":65,"column":15},"end":{"line":69,"column":9}}],"line":63},"4":{"loc":{"start":{"line":103,"column":33},"end":{"line":103,"column":94}},"type":"cond-expr","locations":[{"start":{"line":103,"column":41},"end":{"line":103,"column":72}},{"start":{"line":103,"column":75},"end":{"line":103,"column":94}}],"line":103},"5":{"loc":{"start":{"line":107,"column":33},"end":{"line":107,"column":80}},"type":"cond-expr","locations":[{"start":{"line":107,"column":40},"end":{"line":107,"column":53}},{"start":{"line":107,"column":56},"end":{"line":107,"column":80}}],"line":107},"6":{"loc":{"start":{"line":111,"column":33},"end":{"line":111,"column":83}},"type":"cond-expr","locations":[{"start":{"line":111,"column":40},"end":{"line":111,"column":56}},{"start":{"line":111,"column":59},"end":{"line":111,"column":83}}],"line":111},"7":{"loc":{"start":{"line":115,"column":33},"end":{"line":115,"column":80}},"type":"cond-expr","locations":[{"start":{"line":115,"column":40},"end":{"line":115,"column":53}},{"start":{"line":115,"column":56},"end":{"line":115,"column":80}}],"line":115}},"s":{"0":0,"1":0,"2":0,"3":0,"4":0,"5":0,"6":0,"7":0,"8":0,"9":0,"10":0,"11":0,"12":0,"13":0,"14":0,"15":0,"16":0,"17":0,"18":0,"19":0,"20":0,"21":0,"22":0,"23":0,"24":0,"25":0,"26":0},"f":{"0":0,"1":0,"2":0,"3":0,"4":0,"5":0},"b":{"0":[0,0],"1":[0,0],"2":[0,0],"3":[0,0],"4":[0,0],"5":[0,0],"6":[0,0],"7":[0,0]}}
,"/home/filken/dev/horti_clj/horti-ui/src/index.js": {"path":"/home/filken/dev/horti_clj/horti-ui/src/index.js","statementMap":{"0":{"start":{"line":8,"column":13},"end":{"line":8,"column":65}},"1":{"start":{"line":9,"column":0},"end":{"line":13,"column":2}},"2":{"start":{"line":18,"column":0},"end":{"line":18,"column":18}}},"fnMap":{},"branchMap":{},"s":{"0":0,"1":0,"2":0},"f":{},"b":{}}
,"/home/filken/dev/horti_clj/horti-ui/src/reportWebVitals.js": {"path":"/home/filken/dev/horti_clj/horti-ui/src/reportWebVitals.js","statementMap":{"0":{"start":{"line":1,"column":24},"end":{"line":11,"column":1}},"1":{"start":{"line":2,"column":2},"end":{"line":10,"column":3}},"2":{"start":{"line":3,"column":4},"end":{"line":9,"column":7}},"3":{"start":{"line":4,"column":6},"end":{"line":4,"column":26}},"4":{"start":{"line":5,"column":6},"end":{"line":5,"column":26}},"5":{"start":{"line":6,"column":6},"end":{"line":6,"column":26}},"6":{"start":{"line":7,"column":6},"end":{"line":7,"column":26}},"7":{"start":{"line":8,"column":6},"end":{"line":8,"column":27}}},"fnMap":{"0":{"name":"(anonymous_0)","decl":{"start":{"line":1,"column":24},"end":{"line":1,"column":25}},"loc":{"start":{"line":1,"column":39},"end":{"line":11,"column":1}},"line":1},"1":{"name":"(anonymous_1)","decl":{"start":{"line":3,"column":30},"end":{"line":3,"column":31}},"loc":{"start":{"line":3,"column":79},"end":{"line":9,"column":5}},"line":3}},"branchMap":{"0":{"loc":{"start":{"line":2,"column":2},"end":{"line":10,"column":3}},"type":"if","locations":[{"start":{"line":2,"column":2},"end":{"line":10,"column":3}},{"start":{},"end":{}}],"line":2},"1":{"loc":{"start":{"line":2,"column":6},"end":{"line":2,"column":52}},"type":"binary-expr","locations":[{"start":{"line":2,"column":6},"end":{"line":2,"column":17}},{"start":{"line":2,"column":21},"end":{"line":2,"column":52}}],"line":2}},"s":{"0":0,"1":0,"2":0,"3":0,"4":0,"5":0,"6":0,"7":0},"f":{"0":0,"1":0},"b":{"0":[0,0],"1":[0,0]}}
,"/home/filken/dev/horti_clj/horti-ui/src/test-utils.js": {"path":"/home/filken/dev/horti_clj/horti-ui/src/test-utils.js","statementMap":{"0":{"start":{"line":10,"column":18},"end":{"line":18,"column":1}},"1":{"start":{"line":21,"column":24},"end":{"line":26,"column":1}},"2":{"start":{"line":28,"column":25},"end":{"line":28,"column":41}},"3":{"start":{"line":31,"column":35},"end":{"line":55,"column":1}},"4":{"start":{"line":40,"column":26},"end":{"line":52,"column":3}},"5":{"start":{"line":41,"column":4},"end":{"line":51,"column":26}},"6":{"start":{"line":54,"column":2},"end":{"line":54,"column":68}},"7":{"start":{"line":61,"column":25},"end":{"line":70,"column":1}},"8":{"start":{"line":62,"column":2},"end":{"line":69,"column":4}},"9":{"start":{"line":63,"column":4},"end":{"line":68,"column":6}},"10":{"start":{"line":66,"column":18},"end":{"line":66,"column":43}},"11":{"start":{"line":67,"column":18},"end":{"line":67,"column":59}},"12":{"start":{"line":73,"column":28},"end":{"line":73,"column":80}},"13":{"start":{"line":73,"column":34},"end":{"line":73,"column":80}},"14":{"start":{"line":73,"column":57},"end":{"line":73,"column":79}}},"fnMap":{"0":{"name":"(anonymous_0)","decl":{"start":{"line":31,"column":35},"end":{"line":31,"column":36}},"loc":{"start":{"line":39,"column":5},"end":{"line":55,"column":1}},"line":39},"1":{"name":"(anonymous_1)","decl":{"start":{"line":40,"column":26},"end":{"line":40,"column":27}},"loc":{"start":{"line":41,"column":4},"end":{"line":51,"column":26}},"line":41},"2":{"name":"(anonymous_2)","decl":{"start":{"line":61,"column":25},"end":{"line":61,"column":26}},"loc":{"start":{"line":61,"column":53},"end":{"line":70,"column":1}},"line":61},"3":{"name":"(anonymous_3)","decl":{"start":{"line":62,"column":25},"end":{"line":62,"column":26}},"loc":{"start":{"line":63,"column":4},"end":{"line":68,"column":6}},"line":63},"4":{"name":"(anonymous_4)","decl":{"start":{"line":66,"column":12},"end":{"line":66,"column":13}},"loc":{"start":{"line":66,"column":18},"end":{"line":66,"column":43}},"line":66},"5":{"name":"(anonymous_5)","decl":{"start":{"line":67,"column":12},"end":{"line":67,"column":13}},"loc":{"start":{"line":67,"column":18},"end":{"line":67,"column":59}},"line":67},"6":{"name":"(anonymous_6)","decl":{"start":{"line":73,"column":28},"end":{"line":73,"column":29}},"loc":{"start":{"line":73,"column":34},"end":{"line":73,"column":80}},"line":73},"7":{"name":"(anonymous_7)","decl":{"start":{"line":73,"column":46},"end":{"line":73,"column":47}},"loc":{"start":{"line":73,"column":57},"end":{"line":73,"column":79}},"line":73}},"branchMap":{"0":{"loc":{"start":{"line":33,"column":2},"end":{"line":38,"column":8}},"type":"default-arg","locations":[{"start":{"line":38,"column":6},"end":{"line":38,"column":8}}],"line":33},"1":{"loc":{"start":{"line":34,"column":4},"end":{"line":34,"column":15}},"type":"default-arg","locations":[{"start":{"line":34,"column":11},"end":{"line":34,"column":15}}],"line":34},"2":{"loc":{"start":{"line":35,"column":4},"end":{"line":35,"column":16}},"type":"default-arg","locations":[{"start":{"line":35,"column":12},"end":{"line":35,"column":16}}],"line":35},"3":{"loc":{"start":{"line":36,"column":4},"end":{"line":36,"column":22}},"type":"default-arg","locations":[{"start":{"line":36,"column":19},"end":{"line":36,"column":22}}],"line":36},"4":{"loc":{"start":{"line":61,"column":36},"end":{"line":61,"column":48}},"type":"default-arg","locations":[{"start":{"line":61,"column":45},"end":{"line":61,"column":48}}],"line":61},"5":{"loc":{"start":{"line":64,"column":10},"end":{"line":64,"column":39}},"type":"binary-expr","locations":[{"start":{"line":64,"column":10},"end":{"line":64,"column":23}},{"start":{"line":64,"column":27},"end":{"line":64,"column":39}}],"line":64}},"s":{"0":0,"1":0,"2":0,"3":0,"4":0,"5":0,"6":0,"7":0,"8":0,"9":0,"10":0,"11":0,"12":0,"13":0,"14":0},"f":{"0":0,"1":0,"2":0,"3":0,"4":0,"5":0,"6":0,"7":0},"b":{"0":[0],"1":[0],"2":[0],"3":[0],"4":[0],"5":[0,0]}}
,"/home/filken/dev/horti_clj/horti-ui/src/components/CanvasManager.js": {"path":"/home/filken/dev/horti_clj/horti-ui/src/components/CanvasManager.js","statementMap":{"0":{"start":{"line":24,"column":22},"end":{"line":253,"column":1}},"1":{"start":{"line":25,"column":19},"end":{"line":25,"column":32}},"2":{"start":{"line":26,"column":34},"end":{"line":26,"column":46}},"3":{"start":{"line":27,"column":32},"end":{"line":27,"column":46}},"4":{"start":{"line":28,"column":28},"end":{"line":28,"column":42}},"5":{"start":{"line":29,"column":48},"end":{"line":29,"column":63}},"6":{"start":{"line":30,"column":36},"end":{"line":35,"column":4}},"7":{"start":{"line":36,"column":20},"end":{"line":36,"column":43}},"8":{"start":{"line":38,"column":24},"end":{"line":57,"column":3}},"9":{"start":{"line":39,"column":4},"end":{"line":56,"column":5}},"10":{"start":{"line":40,"column":23},"end":{"line":44,"column":8}},"11":{"start":{"line":46,"column":6},"end":{"line":51,"column":7}},"12":{"start":{"line":47,"column":21},"end":{"line":47,"column":42}},"13":{"start":{"line":48,"column":8},"end":{"line":48,"column":26}},"14":{"start":{"line":50,"column":8},"end":{"line":50,"column":45}},"15":{"start":{"line":53,"column":6},"end":{"line":53,"column":45}},"16":{"start":{"line":55,"column":6},"end":{"line":55,"column":24}},"17":{"start":{"line":59,"column":2},"end":{"line":63,"column":14}},"18":{"start":{"line":60,"column":4},"end":{"line":62,"column":5}},"19":{"start":{"line":61,"column":6},"end":{"line":61,"column":22}},"20":{"start":{"line":65,"column":29},"end":{"line":88,"column":3}},"21":{"start":{"line":66,"column":4},"end":{"line":66,"column":39}},"22":{"start":{"line":66,"column":32},"end":{"line":66,"column":39}},"23":{"start":{"line":68,"column":4},"end":{"line":87,"column":5}},"24":{"start":{"line":69,"column":23},"end":{"line":76,"column":8}},"25":{"start":{"line":78,"column":6},"end":{"line":84,"column":7}},"26":{"start":{"line":79,"column":8},"end":{"line":79,"column":34}},"27":{"start":{"line":80,"column":8},"end":{"line":80,"column":77}},"28":{"start":{"line":81,"column":8},"end":{"line":81,"column":24}},"29":{"start":{"line":83,"column":8},"end":{"line":83,"column":44}},"30":{"start":{"line":86,"column":6},"end":{"line":86,"column":40}},"31":{"start":{"line":90,"column":27},"end":{"line":92,"column":3}},"32":{"start":{"line":91,"column":4},"end":{"line":91,"column":36}},"33":{"start":{"line":94,"column":2},"end":{"line":94,"column":55}},"34":{"start":{"line":94,"column":15},"end":{"line":94,"column":55}},"35":{"start":{"line":96,"column":2},"end":{"line":252,"column":4}},"36":{"start":{"line":110,"column":27},"end":{"line":110,"column":51}},"37":{"start":{"line":137,"column":31},"end":{"line":137,"column":55}},"38":{"start":{"line":148,"column":26},"end":{"line":192,"column":23}},"39":{"start":{"line":184,"column":37},"end":{"line":184,"column":64}},"40":{"start":{"line":200,"column":23},"end":{"line":200,"column":48}},"41":{"start":{"line":210,"column":29},"end":{"line":210,"column":81}},"42":{"start":{"line":217,"column":29},"end":{"line":217,"column":88}},"43":{"start":{"line":223,"column":35},"end":{"line":223,"column":86}},"44":{"start":{"line":231,"column":35},"end":{"line":231,"column":87}},"45":{"start":{"line":238,"column":53},"end":{"line":238,"column":78}}},"fnMap":{"0":{"name":"(anonymous_0)","decl":{"start":{"line":24,"column":22},"end":{"line":24,"column":23}},"loc":{"start":{"line":24,"column":28},"end":{"line":253,"column":1}},"line":24},"1":{"name":"(anonymous_1)","decl":{"start":{"line":38,"column":24},"end":{"line":38,"column":25}},"loc":{"start":{"line":38,"column":36},"end":{"line":57,"column":3}},"line":38},"2":{"name":"(anonymous_2)","decl":{"start":{"line":59,"column":12},"end":{"line":59,"column":13}},"loc":{"start":{"line":59,"column":18},"end":{"line":63,"column":3}},"line":59},"3":{"name":"(anonymous_3)","decl":{"start":{"line":65,"column":29},"end":{"line":65,"column":30}},"loc":{"start":{"line":65,"column":41},"end":{"line":88,"column":3}},"line":65},"4":{"name":"(anonymous_4)","decl":{"start":{"line":90,"column":27},"end":{"line":90,"column":28}},"loc":{"start":{"line":90,"column":41},"end":{"line":92,"column":3}},"line":90},"5":{"name":"(anonymous_5)","decl":{"start":{"line":110,"column":21},"end":{"line":110,"column":22}},"loc":{"start":{"line":110,"column":27},"end":{"line":110,"column":51}},"line":110},"6":{"name":"(anonymous_6)","decl":{"start":{"line":137,"column":25},"end":{"line":137,"column":26}},"loc":{"start":{"line":137,"column":31},"end":{"line":137,"column":55}},"line":137},"7":{"name":"(anonymous_7)","decl":{"start":{"line":147,"column":24},"end":{"line":147,"column":25}},"loc":{"start":{"line":148,"column":26},"end":{"line":192,"column":23}},"line":148},"8":{"name":"(anonymous_8)","decl":{"start":{"line":184,"column":31},"end":{"line":184,"column":32}},"loc":{"start":{"line":184,"column":37},"end":{"line":184,"column":64}},"line":184},"9":{"name":"(anonymous_9)","decl":{"start":{"line":200,"column":17},"end":{"line":200,"column":18}},"loc":{"start":{"line":200,"column":23},"end":{"line":200,"column":48}},"line":200},"10":{"name":"(anonymous_10)","decl":{"start":{"line":210,"column":22},"end":{"line":210,"column":23}},"loc":{"start":{"line":210,"column":29},"end":{"line":210,"column":81}},"line":210},"11":{"name":"(anonymous_11)","decl":{"start":{"line":217,"column":22},"end":{"line":217,"column":23}},"loc":{"start":{"line":217,"column":29},"end":{"line":217,"column":88}},"line":217},"12":{"name":"(anonymous_12)","decl":{"start":{"line":223,"column":24},"end":{"line":223,"column":25}},"loc":{"start":{"line":223,"column":35},"end":{"line":223,"column":86}},"line":223},"13":{"name":"(anonymous_13)","decl":{"start":{"line":231,"column":24},"end":{"line":231,"column":25}},"loc":{"start":{"line":231,"column":35},"end":{"line":231,"column":87}},"line":231},"14":{"name":"(anonymous_14)","decl":{"start":{"line":238,"column":47},"end":{"line":238,"column":48}},"loc":{"start":{"line":238,"column":53},"end":{"line":238,"column":78}},"line":238}},"branchMap":{"0":{"loc":{"start":{"line":46,"column":6},"end":{"line":51,"column":7}},"type":"if","locations":[{"start":{"line":46,"column":6},"end":{"line":51,"column":7}},{"start":{"line":49,"column":13},"end":{"line":51,"column":7}}],"line":46},"1":{"loc":{"start":{"line":60,"column":4},"end":{"line":62,"column":5}},"type":"if","locations":[{"start":{"line":60,"column":4},"end":{"line":62,"column":5}},{"start":{},"end":{}}],"line":60},"2":{"loc":{"start":{"line":66,"column":4},"end":{"line":66,"column":39}},"type":"if","locations":[{"start":{"line":66,"column":4},"end":{"line":66,"column":39}},{"start":{},"end":{}}],"line":66},"3":{"loc":{"start":{"line":78,"column":6},"end":{"line":84,"column":7}},"type":"if","locations":[{"start":{"line":78,"column":6},"end":{"line":84,"column":7}},{"start":{"line":82,"column":13},"end":{"line":84,"column":7}}],"line":78},"4":{"loc":{"start":{"line":94,"column":2},"end":{"line":94,"column":55}},"type":"if","locations":[{"start":{"line":94,"column":2},"end":{"line":94,"column":55}},{"start":{},"end":{}}],"line":94},"5":{"loc":{"start":{"line":118,"column":7},"end":{"line":122,"column":7}},"type":"binary-expr","locations":[{"start":{"line":118,"column":7},"end":{"line":118,"column":12}},{"start":{"line":119,"column":8},"end":{"line":121,"column":16}}],"line":118},"6":{"loc":{"start":{"line":124,"column":7},"end":{"line":195,"column":7}},"type":"cond-expr","locations":[{"start":{"line":125,"column":8},"end":{"line":144,"column":16}},{"start":{"line":146,"column":8},"end":{"line":194,"column":15}}],"line":124},"7":{"loc":{"start":{"line":124,"column":7},"end":{"line":124,"column":40}},"type":"binary-expr","locations":[{"start":{"line":124,"column":7},"end":{"line":124,"column":28}},{"start":{"line":124,"column":32},"end":{"line":124,"column":40}}],"line":124},"8":{"loc":{"start":{"line":156,"column":23},"end":{"line":160,"column":23}},"type":"binary-expr","locations":[{"start":{"line":156,"column":23},"end":{"line":156,"column":41}},{"start":{"line":157,"column":24},"end":{"line":159,"column":31}}],"line":156},"9":{"loc":{"start":{"line":223,"column":71},"end":{"line":223,"column":83}},"type":"binary-expr","locations":[{"start":{"line":223,"column":71},"end":{"line":223,"column":76}},{"start":{"line":223,"column":80},"end":{"line":223,"column":83}}],"line":223},"10":{"loc":{"start":{"line":231,"column":72},"end":{"line":231,"column":84}},"type":"binary-expr","locations":[{"start":{"line":231,"column":72},"end":{"line":231,"column":77}},{"start":{"line":231,"column":81},"end":{"line":231,"column":84}}],"line":231}},"s":{"0":0,"1":0,"2":0,"3":0,"4":0,"5":0,"6":0,"7":0,"8":0,"9":0,"10":0,"11":0,"12":0,"13":0,"14":0,"15":0,"16":0,"17":0,"18":0,"19":0,"20":0,"21":0,"22":0,"23":0,"24":0,"25":0,"26":0,"27":0,"28":0,"29":0,"30":0,"31":0,"32":0,"33":0,"34":0,"35":0,"36":0,"37":0,"38":0,"39":0,"40":0,"41":0,"42":0,"43":0,"44":0,"45":0},"f":{"0":0,"1":0,"2":0,"3":0,"4":0,"5":0,"6":0,"7":0,"8":0,"9":0,"10":0,"11":0,"12":0,"13":0,"14":0},"b":{"0":[0,0],"1":[0,0],"2":[0,0],"3":[0,0],"4":[0,0],"5":[0,0],"6":[0,0],"7":[0,0],"8":[0,0],"9":[0,0],"10":[0,0]}}
,"/home/filken/dev/horti_clj/horti-ui/src/components/Dashboard.js": {"path":"/home/filken/dev/horti_clj/horti-ui/src/components/Dashboard.js","statementMap":{"0":{"start":{"line":32,"column":18},"end":{"line":504,"column":1}},"1":{"start":{"line":33,"column":19},"end":{"line":33,"column":32}},"2":{"start":{"line":34,"column":26},"end":{"line":34,"column":49}},"3":{"start":{"line":35,"column":34},"end":{"line":35,"column":46}},"4":{"start":{"line":36,"column":28},"end":{"line":36,"column":42}},"5":{"start":{"line":37,"column":48},"end":{"line":37,"column":63}},"6":{"start":{"line":38,"column":44},"end":{"line":38,"column":59}},"7":{"start":{"line":39,"column":50},"end":{"line":39,"column":65}},"8":{"start":{"line":40,"column":46},"end":{"line":40,"column":60}},"9":{"start":{"line":41,"column":36},"end":{"line":46,"column":4}},"10":{"start":{"line":47,"column":38},"end":{"line":52,"column":4}},"11":{"start":{"line":54,"column":24},"end":{"line":71,"column":13}},"12":{"start":{"line":55,"column":4},"end":{"line":70,"column":5}},"13":{"start":{"line":56,"column":23},"end":{"line":60,"column":8}},"14":{"start":{"line":62,"column":6},"end":{"line":67,"column":7}},"15":{"start":{"line":63,"column":21},"end":{"line":63,"column":42}},"16":{"start":{"line":64,"column":8},"end":{"line":64,"column":26}},"17":{"start":{"line":66,"column":8},"end":{"line":66,"column":45}},"18":{"start":{"line":69,"column":6},"end":{"line":69,"column":45}},"19":{"start":{"line":73,"column":2},"end":{"line":77,"column":29}},"20":{"start":{"line":74,"column":4},"end":{"line":76,"column":5}},"21":{"start":{"line":75,"column":6},"end":{"line":75,"column":22}},"22":{"start":{"line":79,"column":29},"end":{"line":102,"column":3}},"23":{"start":{"line":80,"column":4},"end":{"line":80,"column":39}},"24":{"start":{"line":80,"column":32},"end":{"line":80,"column":39}},"25":{"start":{"line":82,"column":4},"end":{"line":101,"column":5}},"26":{"start":{"line":83,"column":23},"end":{"line":90,"column":8}},"27":{"start":{"line":92,"column":6},"end":{"line":98,"column":7}},"28":{"start":{"line":93,"column":8},"end":{"line":93,"column":34}},"29":{"start":{"line":94,"column":8},"end":{"line":94,"column":77}},"30":{"start":{"line":95,"column":8},"end":{"line":95,"column":24}},"31":{"start":{"line":97,"column":8},"end":{"line":97,"column":44}},"32":{"start":{"line":100,"column":6},"end":{"line":100,"column":40}},"33":{"start":{"line":104,"column":27},"end":{"line":128,"column":3}},"34":{"start":{"line":105,"column":4},"end":{"line":105,"column":59}},"35":{"start":{"line":105,"column":52},"end":{"line":105,"column":59}},"36":{"start":{"line":107,"column":4},"end":{"line":127,"column":5}},"37":{"start":{"line":108,"column":23},"end":{"line":115,"column":8}},"38":{"start":{"line":117,"column":6},"end":{"line":124,"column":7}},"39":{"start":{"line":118,"column":8},"end":{"line":118,"column":32}},"40":{"start":{"line":119,"column":8},"end":{"line":119,"column":32}},"41":{"start":{"line":120,"column":8},"end":{"line":120,"column":78}},"42":{"start":{"line":121,"column":8},"end":{"line":121,"column":24}},"43":{"start":{"line":123,"column":8},"end":{"line":123,"column":44}},"44":{"start":{"line":126,"column":6},"end":{"line":126,"column":40}},"45":{"start":{"line":130,"column":30},"end":{"line":153,"column":3}},"46":{"start":{"line":131,"column":4},"end":{"line":131,"column":32}},"47":{"start":{"line":131,"column":25},"end":{"line":131,"column":32}},"48":{"start":{"line":133,"column":4},"end":{"line":152,"column":5}},"49":{"start":{"line":134,"column":23},"end":{"line":141,"column":8}},"50":{"start":{"line":143,"column":6},"end":{"line":149,"column":7}},"51":{"start":{"line":144,"column":8},"end":{"line":144,"column":35}},"52":{"start":{"line":145,"column":8},"end":{"line":145,"column":32}},"53":{"start":{"line":146,"column":8},"end":{"line":146,"column":24}},"54":{"start":{"line":148,"column":8},"end":{"line":148,"column":45}},"55":{"start":{"line":151,"column":6},"end":{"line":151,"column":41}},"56":{"start":{"line":155,"column":30},"end":{"line":164,"column":3}},"57":{"start":{"line":156,"column":4},"end":{"line":156,"column":30}},"58":{"start":{"line":157,"column":4},"end":{"line":162,"column":7}},"59":{"start":{"line":163,"column":4},"end":{"line":163,"column":27}},"60":{"start":{"line":166,"column":33},"end":{"line":169,"column":3}},"61":{"start":{"line":167,"column":4},"end":{"line":167,"column":30}},"62":{"start":{"line":168,"column":4},"end":{"line":168,"column":30}},"63":{"start":{"line":171,"column":27},"end":{"line":173,"column":3}},"64":{"start":{"line":172,"column":4},"end":{"line":172,"column":36}},"65":{"start":{"line":175,"column":25},"end":{"line":192,"column":3}},"66":{"start":{"line":181,"column":49},"end":{"line":181,"column":73}},"67":{"start":{"line":189,"column":47},"end":{"line":189,"column":66}},"68":{"start":{"line":194,"column":2},"end":{"line":503,"column":4}},"69":{"start":{"line":226,"column":14},"end":{"line":289,"column":25}},"70":{"start":{"line":253,"column":43},"end":{"line":253,"column":70}},"71":{"start":{"line":260,"column":43},"end":{"line":260,"column":73}},"72":{"start":{"line":281,"column":39},"end":{"line":281,"column":66}},"73":{"start":{"line":297,"column":10},"end":{"line":333,"column":21}},"74":{"start":{"line":306,"column":35},"end":{"line":306,"column":80}},"75":{"start":{"line":307,"column":35},"end":{"line":307,"column":79}},"76":{"start":{"line":321,"column":20},"end":{"line":328,"column":29}},"77":{"start":{"line":362,"column":23},"end":{"line":362,"column":48}},"78":{"start":{"line":372,"column":29},"end":{"line":372,"column":81}},"79":{"start":{"line":379,"column":29},"end":{"line":379,"column":88}},"80":{"start":{"line":385,"column":35},"end":{"line":385,"column":86}},"81":{"start":{"line":393,"column":35},"end":{"line":393,"column":87}},"82":{"start":{"line":400,"column":53},"end":{"line":400,"column":78}},"83":{"start":{"line":417,"column":23},"end":{"line":417,"column":46}},"84":{"start":{"line":427,"column":29},"end":{"line":427,"column":83}},"85":{"start":{"line":434,"column":29},"end":{"line":434,"column":90}},"86":{"start":{"line":440,"column":35},"end":{"line":440,"column":88}},"87":{"start":{"line":448,"column":35},"end":{"line":448,"column":89}},"88":{"start":{"line":460,"column":53},"end":{"line":460,"column":76}},"89":{"start":{"line":477,"column":23},"end":{"line":477,"column":49}},"90":{"start":{"line":489,"column":53},"end":{"line":489,"column":79}}},"fnMap":{"0":{"name":"(anonymous_0)","decl":{"start":{"line":32,"column":18},"end":{"line":32,"column":19}},"loc":{"start":{"line":32,"column":24},"end":{"line":504,"column":1}},"line":32},"1":{"name":"(anonymous_1)","decl":{"start":{"line":54,"column":36},"end":{"line":54,"column":37}},"loc":{"start":{"line":54,"column":48},"end":{"line":71,"column":3}},"line":54},"2":{"name":"(anonymous_2)","decl":{"start":{"line":73,"column":12},"end":{"line":73,"column":13}},"loc":{"start":{"line":73,"column":18},"end":{"line":77,"column":3}},"line":73},"3":{"name":"(anonymous_3)","decl":{"start":{"line":79,"column":29},"end":{"line":79,"column":30}},"loc":{"start":{"line":79,"column":41},"end":{"line":102,"column":3}},"line":79},"4":{"name":"(anonymous_4)","decl":{"start":{"line":104,"column":27},"end":{"line":104,"column":28}},"loc":{"start":{"line":104,"column":39},"end":{"line":128,"column":3}},"line":104},"5":{"name":"(anonymous_5)","decl":{"start":{"line":130,"column":30},"end":{"line":130,"column":31}},"loc":{"start":{"line":130,"column":42},"end":{"line":153,"column":3}},"line":130},"6":{"name":"(anonymous_6)","decl":{"start":{"line":155,"column":30},"end":{"line":155,"column":31}},"loc":{"start":{"line":155,"column":42},"end":{"line":164,"column":3}},"line":155},"7":{"name":"(anonymous_7)","decl":{"start":{"line":166,"column":33},"end":{"line":166,"column":34}},"loc":{"start":{"line":166,"column":45},"end":{"line":169,"column":3}},"line":166},"8":{"name":"(anonymous_8)","decl":{"start":{"line":171,"column":27},"end":{"line":171,"column":28}},"loc":{"start":{"line":171,"column":41},"end":{"line":173,"column":3}},"line":171},"9":{"name":"(anonymous_9)","decl":{"start":{"line":181,"column":43},"end":{"line":181,"column":44}},"loc":{"start":{"line":181,"column":49},"end":{"line":181,"column":73}},"line":181},"10":{"name":"(anonymous_10)","decl":{"start":{"line":189,"column":41},"end":{"line":189,"column":42}},"loc":{"start":{"line":189,"column":47},"end":{"line":189,"column":66}},"line":189},"11":{"name":"(anonymous_11)","decl":{"start":{"line":225,"column":26},"end":{"line":225,"column":27}},"loc":{"start":{"line":226,"column":14},"end":{"line":289,"column":25}},"line":226},"12":{"name":"(anonymous_12)","decl":{"start":{"line":253,"column":37},"end":{"line":253,"column":38}},"loc":{"start":{"line":253,"column":43},"end":{"line":253,"column":70}},"line":253},"13":{"name":"(anonymous_13)","decl":{"start":{"line":260,"column":37},"end":{"line":260,"column":38}},"loc":{"start":{"line":260,"column":43},"end":{"line":260,"column":73}},"line":260},"14":{"name":"(anonymous_14)","decl":{"start":{"line":281,"column":33},"end":{"line":281,"column":34}},"loc":{"start":{"line":281,"column":39},"end":{"line":281,"column":66}},"line":281},"15":{"name":"(anonymous_15)","decl":{"start":{"line":296,"column":28},"end":{"line":296,"column":29}},"loc":{"start":{"line":297,"column":10},"end":{"line":333,"column":21}},"line":297},"16":{"name":"(anonymous_16)","decl":{"start":{"line":306,"column":28},"end":{"line":306,"column":29}},"loc":{"start":{"line":306,"column":35},"end":{"line":306,"column":80}},"line":306},"17":{"name":"(anonymous_17)","decl":{"start":{"line":307,"column":28},"end":{"line":307,"column":29}},"loc":{"start":{"line":307,"column":35},"end":{"line":307,"column":79}},"line":307},"18":{"name":"(anonymous_18)","decl":{"start":{"line":320,"column":36},"end":{"line":320,"column":37}},"loc":{"start":{"line":321,"column":20},"end":{"line":328,"column":29}},"line":321},"19":{"name":"(anonymous_19)","decl":{"start":{"line":362,"column":17},"end":{"line":362,"column":18}},"loc":{"start":{"line":362,"column":23},"end":{"line":362,"column":48}},"line":362},"20":{"name":"(anonymous_20)","decl":{"start":{"line":372,"column":22},"end":{"line":372,"column":23}},"loc":{"start":{"line":372,"column":29},"end":{"line":372,"column":81}},"line":372},"21":{"name":"(anonymous_21)","decl":{"start":{"line":379,"column":22},"end":{"line":379,"column":23}},"loc":{"start":{"line":379,"column":29},"end":{"line":379,"column":88}},"line":379},"22":{"name":"(anonymous_22)","decl":{"start":{"line":385,"column":24},"end":{"line":385,"column":25}},"loc":{"start":{"line":385,"column":35},"end":{"line":385,"column":86}},"line":385},"23":{"name":"(anonymous_23)","decl":{"start":{"line":393,"column":24},"end":{"line":393,"column":25}},"loc":{"start":{"line":393,"column":35},"end":{"line":393,"column":87}},"line":393},"24":{"name":"(anonymous_24)","decl":{"start":{"line":400,"column":47},"end":{"line":400,"column":48}},"loc":{"start":{"line":400,"column":53},"end":{"line":400,"column":78}},"line":400},"25":{"name":"(anonymous_25)","decl":{"start":{"line":417,"column":17},"end":{"line":417,"column":18}},"loc":{"start":{"line":417,"column":23},"end":{"line":417,"column":46}},"line":417},"26":{"name":"(anonymous_26)","decl":{"start":{"line":427,"column":22},"end":{"line":427,"column":23}},"loc":{"start":{"line":427,"column":29},"end":{"line":427,"column":83}},"line":427},"27":{"name":"(anonymous_27)","decl":{"start":{"line":434,"column":22},"end":{"line":434,"column":23}},"loc":{"start":{"line":434,"column":29},"end":{"line":434,"column":90}},"line":434},"28":{"name":"(anonymous_28)","decl":{"start":{"line":440,"column":24},"end":{"line":440,"column":25}},"loc":{"start":{"line":440,"column":35},"end":{"line":440,"column":88}},"line":440},"29":{"name":"(anonymous_29)","decl":{"start":{"line":448,"column":24},"end":{"line":448,"column":25}},"loc":{"start":{"line":448,"column":35},"end":{"line":448,"column":89}},"line":448},"30":{"name":"(anonymous_30)","decl":{"start":{"line":460,"column":47},"end":{"line":460,"column":48}},"loc":{"start":{"line":460,"column":53},"end":{"line":460,"column":76}},"line":460},"31":{"name":"(anonymous_31)","decl":{"start":{"line":477,"column":17},"end":{"line":477,"column":18}},"loc":{"start":{"line":477,"column":23},"end":{"line":477,"column":49}},"line":477},"32":{"name":"(anonymous_32)","decl":{"start":{"line":489,"column":47},"end":{"line":489,"column":48}},"loc":{"start":{"line":489,"column":53},"end":{"line":489,"column":79}},"line":489}},"branchMap":{"0":{"loc":{"start":{"line":62,"column":6},"end":{"line":67,"column":7}},"type":"if","locations":[{"start":{"line":62,"column":6},"end":{"line":67,"column":7}},{"start":{"line":65,"column":13},"end":{"line":67,"column":7}}],"line":62},"1":{"loc":{"start":{"line":74,"column":4},"end":{"line":76,"column":5}},"type":"if","locations":[{"start":{"line":74,"column":4},"end":{"line":76,"column":5}},{"start":{},"end":{}}],"line":74},"2":{"loc":{"start":{"line":80,"column":4},"end":{"line":80,"column":39}},"type":"if","locations":[{"start":{"line":80,"column":4},"end":{"line":80,"column":39}},{"start":{},"end":{}}],"line":80},"3":{"loc":{"start":{"line":92,"column":6},"end":{"line":98,"column":7}},"type":"if","locations":[{"start":{"line":92,"column":6},"end":{"line":98,"column":7}},{"start":{"line":96,"column":13},"end":{"line":98,"column":7}}],"line":92},"4":{"loc":{"start":{"line":105,"column":4},"end":{"line":105,"column":59}},"type":"if","locations":[{"start":{"line":105,"column":4},"end":{"line":105,"column":59}},{"start":{},"end":{}}],"line":105},"5":{"loc":{"start":{"line":105,"column":8},"end":{"line":105,"column":50}},"type":"binary-expr","locations":[{"start":{"line":105,"column":8},"end":{"line":105,"column":31}},{"start":{"line":105,"column":35},"end":{"line":105,"column":50}}],"line":105},"6":{"loc":{"start":{"line":117,"column":6},"end":{"line":124,"column":7}},"type":"if","locations":[{"start":{"line":117,"column":6},"end":{"line":124,"column":7}},{"start":{"line":122,"column":13},"end":{"line":124,"column":7}}],"line":117},"7":{"loc":{"start":{"line":131,"column":4},"end":{"line":131,"column":32}},"type":"if","locations":[{"start":{"line":131,"column":4},"end":{"line":131,"column":32}},{"start":{},"end":{}}],"line":131},"8":{"loc":{"start":{"line":143,"column":6},"end":{"line":149,"column":7}},"type":"if","locations":[{"start":{"line":143,"column":6},"end":{"line":149,"column":7}},{"start":{"line":147,"column":13},"end":{"line":149,"column":7}}],"line":143},"9":{"loc":{"start":{"line":159,"column":19},"end":{"line":159,"column":43}},"type":"binary-expr","locations":[{"start":{"line":159,"column":19},"end":{"line":159,"column":37}},{"start":{"line":159,"column":41},"end":{"line":159,"column":43}}],"line":159},"10":{"loc":{"start":{"line":160,"column":13},"end":{"line":160,"column":32}},"type":"binary-expr","locations":[{"start":{"line":160,"column":13},"end":{"line":160,"column":25}},{"start":{"line":160,"column":29},"end":{"line":160,"column":32}}],"line":160},"11":{"loc":{"start":{"line":161,"column":14},"end":{"line":161,"column":34}},"type":"binary-expr","locations":[{"start":{"line":161,"column":14},"end":{"line":161,"column":27}},{"start":{"line":161,"column":31},"end":{"line":161,"column":34}}],"line":161},"12":{"loc":{"start":{"line":208,"column":17},"end":{"line":208,"column":42}},"type":"binary-expr","locations":[{"start":{"line":208,"column":17},"end":{"line":208,"column":27}},{"start":{"line":208,"column":31},"end":{"line":208,"column":42}}],"line":208},"13":{"loc":{"start":{"line":212,"column":7},"end":{"line":216,"column":7}},"type":"binary-expr","locations":[{"start":{"line":212,"column":7},"end":{"line":212,"column":12}},{"start":{"line":213,"column":8},"end":{"line":215,"column":16}}],"line":212},"14":{"loc":{"start":{"line":219,"column":7},"end":{"line":293,"column":7}},"type":"binary-expr","locations":[{"start":{"line":219,"column":7},"end":{"line":219,"column":26}},{"start":{"line":220,"column":8},"end":{"line":292,"column":14}}],"line":219},"15":{"loc":{"start":{"line":234,"column":25},"end":{"line":238,"column":25}},"type":"binary-expr","locations":[{"start":{"line":234,"column":25},"end":{"line":234,"column":43}},{"start":{"line":235,"column":26},"end":{"line":237,"column":33}}],"line":234},"16":{"loc":{"start":{"line":385,"column":71},"end":{"line":385,"column":83}},"type":"binary-expr","locations":[{"start":{"line":385,"column":71},"end":{"line":385,"column":76}},{"start":{"line":385,"column":80},"end":{"line":385,"column":83}}],"line":385},"17":{"loc":{"start":{"line":393,"column":72},"end":{"line":393,"column":84}},"type":"binary-expr","locations":[{"start":{"line":393,"column":72},"end":{"line":393,"column":77}},{"start":{"line":393,"column":81},"end":{"line":393,"column":84}}],"line":393},"18":{"loc":{"start":{"line":440,"column":73},"end":{"line":440,"column":85}},"type":"binary-expr","locations":[{"start":{"line":440,"column":73},"end":{"line":440,"column":78}},{"start":{"line":440,"column":82},"end":{"line":440,"column":85}}],"line":440},"19":{"loc":{"start":{"line":448,"column":74},"end":{"line":448,"column":86}},"type":"binary-expr","locations":[{"start":{"line":448,"column":74},"end":{"line":448,"column":79}},{"start":{"line":448,"column":83},"end":{"line":448,"column":86}}],"line":448}},"s":{"0":0,"1":0,"2":0,"3":0,"4":0,"5":0,"6":0,"7":0,"8":0,"9":0,"10":0,"11":0,"12":0,"13":0,"14":0,"15":0,"16":0,"17":0,"18":0,"19":0,"20":0,"21":0,"22":0,"23":0,"24":0,"25":0,"26":0,"27":0,"28":0,"29":0,"30":0,"31":0,"32":0,"33":0,"34":0,"35":0,"36":0,"37":0,"38":0,"39":0,"40":0,"41":0,"42":0,"43":0,"44":0,"45":0,"46":0,"47":0,"48":0,"49":0,"50":0,"51":0,"52":0,"53":0,"54":0,"55":0,"56":0,"57":0,"58":0,"59":0,"60":0,"61":0,"62":0,"63":0,"64":0,"65":0,"66":0,"67":0,"68":0,"69":0,"70":0,"71":0,"72":0,"73":0,"74":0,"75":0,"76":0,"77":0,"78":0,"79":0,"80":0,"81":0,"82":0,"83":0,"84":0,"85":0,"86":0,"87":0,"88":0,"89":0,"90":0},"f":{"0":0,"1":0,"2":0,"3":0,"4":0,"5":0,"6":0,"7":0,"8":0,"9":0,"10":0,"11":0,"12":0,"13":0,"14":0,"15":0,"16":0,"17":0,"18":0,"19":0,"20":0,"21":0,"22":0,"23":0,"24":0,"25":0,"26":0,"27":0,"28":0,"29":0,"30":0,"31":0,"32":0},"b":{"0":[0,0],"1":[0,0],"2":[0,0],"3":[0,0],"4":[0,0],"5":[0,0],"6":[0,0],"7":[0,0],"8":[0,0],"9":[0,0],"10":[0,0],"11":[0,0],"12":[0,0],"13":[0,0],"14":[0,0],"15":[0,0],"16":[0,0],"17":[0,0],"18":[0,0],"19":[0,0]}}
,"/home/filken/dev/horti_clj/horti-ui/src/components/GardenCanvas.js": {"path":"/home/filken/dev/horti_clj/horti-ui/src/components/GardenCanvas.js","statementMap":{"0":{"start":{"line":24,"column":15},"end":{"line":687,"column":1}},"1":{"start":{"line":25,"column":23},"end":{"line":25,"column":34}},"2":{"start":{"line":26,"column":19},"end":{"line":26,"column":32}},"3":{"start":{"line":27,"column":20},"end":{"line":27,"column":32}},"4":{"start":{"line":28,"column":30},"end":{"line":28,"column":42}},"5":{"start":{"line":29,"column":32},"end":{"line":29,"column":46}},"6":{"start":{"line":30,"column":28},"end":{"line":30,"column":42}},"7":{"start":{"line":31,"column":44},"end":{"line":31,"column":58}},"8":{"start":{"line":32,"column":42},"end":{"line":32,"column":57}},"9":{"start":{"line":33,"column":40},"end":{"line":33,"column":55}},"10":{"start":{"line":34,"column":52},"end":{"line":34,"column":67}},"11":{"start":{"line":35,"column":44},"end":{"line":35,"column":59}},"12":{"start":{"line":36,"column":38},"end":{"line":36,"column":75}},"13":{"start":{"line":37,"column":38},"end":{"line":37,"column":52}},"14":{"start":{"line":40,"column":38},"end":{"line":40,"column":53}},"15":{"start":{"line":41,"column":42},"end":{"line":41,"column":56}},"16":{"start":{"line":42,"column":38},"end":{"line":42,"column":62}},"17":{"start":{"line":43,"column":42},"end":{"line":43,"column":66}},"18":{"start":{"line":44,"column":46},"end":{"line":44,"column":60}},"19":{"start":{"line":45,"column":68},"end":{"line":45,"column":83}},"20":{"start":{"line":47,"column":25},"end":{"line":47,"column":26}},"21":{"start":{"line":49,"column":34},"end":{"line":55,"column":4}},"22":{"start":{"line":57,"column":38},"end":{"line":63,"column":4}},"23":{"start":{"line":65,"column":20},"end":{"line":65,"column":43}},"24":{"start":{"line":67,"column":28},"end":{"line":78,"column":3}},"25":{"start":{"line":80,"column":23},"end":{"line":80,"column":144}},"26":{"start":{"line":82,"column":26},"end":{"line":104,"column":23}},"27":{"start":{"line":83,"column":4},"end":{"line":87,"column":5}},"28":{"start":{"line":84,"column":6},"end":{"line":84,"column":40}},"29":{"start":{"line":85,"column":6},"end":{"line":85,"column":24}},"30":{"start":{"line":86,"column":6},"end":{"line":86,"column":13}},"31":{"start":{"line":89,"column":4},"end":{"line":103,"column":5}},"32":{"start":{"line":90,"column":23},"end":{"line":92,"column":8}},"33":{"start":{"line":94,"column":6},"end":{"line":100,"column":7}},"34":{"start":{"line":95,"column":23},"end":{"line":95,"column":44}},"35":{"start":{"line":96,"column":8},"end":{"line":96,"column":30}},"36":{"start":{"line":97,"column":8},"end":{"line":97,"column":84}},"37":{"start":{"line":99,"column":8},"end":{"line":99,"column":48}},"38":{"start":{"line":102,"column":6},"end":{"line":102,"column":45}},"39":{"start":{"line":106,"column":22},"end":{"line":129,"column":23}},"40":{"start":{"line":107,"column":4},"end":{"line":111,"column":5}},"41":{"start":{"line":108,"column":6},"end":{"line":108,"column":40}},"42":{"start":{"line":109,"column":6},"end":{"line":109,"column":24}},"43":{"start":{"line":110,"column":6},"end":{"line":110,"column":13}},"44":{"start":{"line":113,"column":4},"end":{"line":128,"column":5}},"45":{"start":{"line":114,"column":23},"end":{"line":116,"column":8}},"46":{"start":{"line":118,"column":6},"end":{"line":123,"column":7}},"47":{"start":{"line":119,"column":21},"end":{"line":119,"column":42}},"48":{"start":{"line":120,"column":8},"end":{"line":120,"column":24}},"49":{"start":{"line":122,"column":8},"end":{"line":122,"column":43}},"50":{"start":{"line":125,"column":6},"end":{"line":125,"column":45}},"51":{"start":{"line":127,"column":6},"end":{"line":127,"column":24}},"52":{"start":{"line":131,"column":2},"end":{"line":136,"column":54}},"53":{"start":{"line":132,"column":4},"end":{"line":135,"column":5}},"54":{"start":{"line":133,"column":6},"end":{"line":133,"column":24}},"55":{"start":{"line":134,"column":6},"end":{"line":134,"column":20}},"56":{"start":{"line":138,"column":21},"end":{"line":209,"column":80}},"57":{"start":{"line":139,"column":19},"end":{"line":139,"column":36}},"58":{"start":{"line":140,"column":4},"end":{"line":140,"column":24}},"59":{"start":{"line":140,"column":17},"end":{"line":140,"column":24}},"60":{"start":{"line":142,"column":16},"end":{"line":142,"column":39}},"61":{"start":{"line":145,"column":4},"end":{"line":145,"column":30}},"62":{"start":{"line":146,"column":4},"end":{"line":146,"column":60}},"63":{"start":{"line":149,"column":4},"end":{"line":149,"column":32}},"64":{"start":{"line":150,"column":4},"end":{"line":150,"column":22}},"65":{"start":{"line":151,"column":4},"end":{"line":156,"column":5}},"66":{"start":{"line":151,"column":17},"end":{"line":151,"column":18}},"67":{"start":{"line":152,"column":6},"end":{"line":152,"column":22}},"68":{"start":{"line":153,"column":6},"end":{"line":153,"column":23}},"69":{"start":{"line":154,"column":6},"end":{"line":154,"column":39}},"70":{"start":{"line":155,"column":6},"end":{"line":155,"column":19}},"71":{"start":{"line":157,"column":4},"end":{"line":162,"column":5}},"72":{"start":{"line":157,"column":17},"end":{"line":157,"column":18}},"73":{"start":{"line":158,"column":6},"end":{"line":158,"column":22}},"74":{"start":{"line":159,"column":6},"end":{"line":159,"column":23}},"75":{"start":{"line":160,"column":6},"end":{"line":160,"column":38}},"76":{"start":{"line":161,"column":6},"end":{"line":161,"column":19}},"77":{"start":{"line":165,"column":4},"end":{"line":208,"column":7}},"78":{"start":{"line":166,"column":6},"end":{"line":207,"column":7}},"79":{"start":{"line":167,"column":31},"end":{"line":167,"column":60}},"80":{"start":{"line":168,"column":27},"end":{"line":168,"column":57}},"81":{"start":{"line":171,"column":8},"end":{"line":181,"column":9}},"82":{"start":{"line":172,"column":10},"end":{"line":176,"column":11}},"83":{"start":{"line":173,"column":12},"end":{"line":173,"column":54}},"84":{"start":{"line":174,"column":17},"end":{"line":176,"column":11}},"85":{"start":{"line":175,"column":12},"end":{"line":175,"column":53}},"86":{"start":{"line":178,"column":10},"end":{"line":178,"column":26}},"87":{"start":{"line":179,"column":10},"end":{"line":179,"column":56}},"88":{"start":{"line":180,"column":10},"end":{"line":180,"column":21}},"89":{"start":{"line":184,"column":22},"end":{"line":184,"column":41}},"90":{"start":{"line":185,"column":8},"end":{"line":185,"column":32}},"91":{"start":{"line":186,"column":8},"end":{"line":186,"column":33}},"92":{"start":{"line":187,"column":8},"end":{"line":187,"column":36}},"93":{"start":{"line":188,"column":8},"end":{"line":188,"column":46}},"94":{"start":{"line":191,"column":8},"end":{"line":191,"column":34}},"95":{"start":{"line":192,"column":8},"end":{"line":192,"column":37}},"96":{"start":{"line":193,"column":8},"end":{"line":193,"column":33}},"97":{"start":{"line":194,"column":8},"end":{"line":194,"column":33}},"98":{"start":{"line":195,"column":8},"end":{"line":195,"column":56}},"99":{"start":{"line":198,"column":8},"end":{"line":206,"column":9}},"100":{"start":{"line":199,"column":10},"end":{"line":199,"column":38}},"101":{"start":{"line":200,"column":10},"end":{"line":200,"column":28}},"102":{"start":{"line":201,"column":10},"end":{"line":201,"column":34}},"103":{"start":{"line":202,"column":10},"end":{"line":202,"column":26}},"104":{"start":{"line":203,"column":10},"end":{"line":203,"column":56}},"105":{"start":{"line":204,"column":10},"end":{"line":204,"column":23}},"106":{"start":{"line":205,"column":10},"end":{"line":205,"column":30}},"107":{"start":{"line":211,"column":2},"end":{"line":215,"column":28}},"108":{"start":{"line":212,"column":4},"end":{"line":214,"column":5}},"109":{"start":{"line":213,"column":6},"end":{"line":213,"column":19}},"110":{"start":{"line":217,"column":22},"end":{"line":224,"column":3}},"111":{"start":{"line":218,"column":19},"end":{"line":218,"column":36}},"112":{"start":{"line":219,"column":17},"end":{"line":219,"column":47}},"113":{"start":{"line":220,"column":4},"end":{"line":223,"column":6}},"114":{"start":{"line":226,"column":30},"end":{"line":231,"column":3}},"115":{"start":{"line":227,"column":4},"end":{"line":230,"column":7}},"116":{"start":{"line":228,"column":23},"end":{"line":228,"column":73}},"117":{"start":{"line":229,"column":6},"end":{"line":229,"column":28}},"118":{"start":{"line":233,"column":30},"end":{"line":260,"column":3}},"119":{"start":{"line":234,"column":4},"end":{"line":259,"column":5}},"120":{"start":{"line":235,"column":23},"end":{"line":242,"column":8}},"121":{"start":{"line":244,"column":6},"end":{"line":255,"column":7}},"122":{"start":{"line":246,"column":8},"end":{"line":250,"column":11}},"123":{"start":{"line":246,"column":26},"end":{"line":250,"column":9}},"124":{"start":{"line":247,"column":10},"end":{"line":249,"column":19}},"125":{"start":{"line":252,"column":8},"end":{"line":252,"column":52}},"126":{"start":{"line":254,"column":8},"end":{"line":254,"column":22}},"127":{"start":{"line":257,"column":6},"end":{"line":257,"column":48}},"128":{"start":{"line":258,"column":6},"end":{"line":258,"column":20}},"129":{"start":{"line":262,"column":26},"end":{"line":279,"column":3}},"130":{"start":{"line":263,"column":21},"end":{"line":263,"column":39}},"131":{"start":{"line":264,"column":25},"end":{"line":264,"column":68}},"132":{"start":{"line":266,"column":4},"end":{"line":278,"column":5}},"133":{"start":{"line":268,"column":6},"end":{"line":268,"column":32}},"134":{"start":{"line":269,"column":6},"end":{"line":269,"column":38}},"135":{"start":{"line":270,"column":6},"end":{"line":273,"column":9}},"136":{"start":{"line":276,"column":21},"end":{"line":276,"column":38}},"137":{"start":{"line":277,"column":6},"end":{"line":277,"column":39}},"138":{"start":{"line":281,"column":26},"end":{"line":316,"column":3}},"139":{"start":{"line":282,"column":21},"end":{"line":282,"column":39}},"140":{"start":{"line":283,"column":19},"end":{"line":283,"column":36}},"141":{"start":{"line":285,"column":4},"end":{"line":298,"column":5}},"142":{"start":{"line":287,"column":23},"end":{"line":290,"column":7}},"143":{"start":{"line":292,"column":6},"end":{"line":297,"column":7}},"144":{"start":{"line":294,"column":8},"end":{"line":294,"column":28}},"145":{"start":{"line":295,"column":8},"end":{"line":295,"column":40}},"146":{"start":{"line":296,"column":8},"end":{"line":296,"column":43}},"147":{"start":{"line":300,"column":4},"end":{"line":315,"column":5}},"148":{"start":{"line":302,"column":19},"end":{"line":302,"column":91}},"149":{"start":{"line":303,"column":19},"end":{"line":303,"column":92}},"150":{"start":{"line":306,"column":6},"end":{"line":310,"column":9}},"151":{"start":{"line":306,"column":24},"end":{"line":310,"column":7}},"152":{"start":{"line":307,"column":8},"end":{"line":309,"column":17}},"153":{"start":{"line":311,"column":11},"end":{"line":315,"column":5}},"154":{"start":{"line":313,"column":30},"end":{"line":313,"column":73}},"155":{"start":{"line":314,"column":6},"end":{"line":314,"column":67}},"156":{"start":{"line":318,"column":24},"end":{"line":343,"column":3}},"157":{"start":{"line":319,"column":21},"end":{"line":319,"column":39}},"158":{"start":{"line":320,"column":19},"end":{"line":320,"column":36}},"159":{"start":{"line":322,"column":4},"end":{"line":332,"column":5}},"160":{"start":{"line":324,"column":19},"end":{"line":324,"column":91}},"161":{"start":{"line":325,"column":19},"end":{"line":325,"column":92}},"162":{"start":{"line":327,"column":6},"end":{"line":327,"column":61}},"163":{"start":{"line":328,"column":11},"end":{"line":332,"column":5}},"164":{"start":{"line":330,"column":6},"end":{"line":330,"column":39}},"165":{"start":{"line":331,"column":6},"end":{"line":331,"column":27}},"166":{"start":{"line":335,"column":4},"end":{"line":335,"column":25}},"167":{"start":{"line":336,"column":4},"end":{"line":336,"column":26}},"168":{"start":{"line":337,"column":4},"end":{"line":337,"column":28}},"169":{"start":{"line":338,"column":4},"end":{"line":338,"column":40}},"170":{"start":{"line":339,"column":4},"end":{"line":339,"column":34}},"171":{"start":{"line":340,"column":4},"end":{"line":340,"column":36}},"172":{"start":{"line":342,"column":4},"end":{"line":342,"column":38}},"173":{"start":{"line":345,"column":28},"end":{"line":358,"column":3}},"174":{"start":{"line":348,"column":4},"end":{"line":348,"column":45}},"175":{"start":{"line":348,"column":38},"end":{"line":348,"column":45}},"176":{"start":{"line":350,"column":21},"end":{"line":350,"column":39}},"177":{"start":{"line":351,"column":25},"end":{"line":351,"column":68}},"178":{"start":{"line":353,"column":4},"end":{"line":357,"column":5}},"179":{"start":{"line":355,"column":6},"end":{"line":355,"column":71}},"180":{"start":{"line":355,"column":27},"end":{"line":355,"column":68}},"181":{"start":{"line":356,"column":6},"end":{"line":356,"column":28}},"182":{"start":{"line":360,"column":25},"end":{"line":390,"column":3}},"183":{"start":{"line":361,"column":4},"end":{"line":361,"column":62}},"184":{"start":{"line":361,"column":55},"end":{"line":361,"column":62}},"185":{"start":{"line":363,"column":4},"end":{"line":389,"column":5}},"186":{"start":{"line":364,"column":23},"end":{"line":378,"column":8}},"187":{"start":{"line":380,"column":6},"end":{"line":386,"column":7}},"188":{"start":{"line":381,"column":8},"end":{"line":381,"column":31}},"189":{"start":{"line":382,"column":8},"end":{"line":382,"column":67}},"190":{"start":{"line":383,"column":8},"end":{"line":383,"column":22}},"191":{"start":{"line":385,"column":8},"end":{"line":385,"column":40}},"192":{"start":{"line":388,"column":6},"end":{"line":388,"column":37}},"193":{"start":{"line":392,"column":27},"end":{"line":429,"column":3}},"194":{"start":{"line":393,"column":4},"end":{"line":393,"column":31}},"195":{"start":{"line":393,"column":24},"end":{"line":393,"column":31}},"196":{"start":{"line":395,"column":4},"end":{"line":428,"column":5}},"197":{"start":{"line":397,"column":22},"end":{"line":397,"column":65}},"198":{"start":{"line":398,"column":24},"end":{"line":398,"column":82}},"199":{"start":{"line":400,"column":23},"end":{"line":413,"column":8}},"200":{"start":{"line":415,"column":6},"end":{"line":425,"column":7}},"201":{"start":{"line":416,"column":8},"end":{"line":416,"column":30}},"202":{"start":{"line":417,"column":8},"end":{"line":421,"column":11}},"203":{"start":{"line":422,"column":8},"end":{"line":422,"column":31}},"204":{"start":{"line":424,"column":8},"end":{"line":424,"column":42}},"205":{"start":{"line":427,"column":6},"end":{"line":427,"column":39}},"206":{"start":{"line":431,"column":28},"end":{"line":434,"column":3}},"207":{"start":{"line":432,"column":4},"end":{"line":432,"column":26}},"208":{"start":{"line":433,"column":4},"end":{"line":433,"column":31}},"209":{"start":{"line":436,"column":26},"end":{"line":439,"column":3}},"210":{"start":{"line":437,"column":4},"end":{"line":437,"column":26}},"211":{"start":{"line":438,"column":4},"end":{"line":438,"column":27}},"212":{"start":{"line":441,"column":29},"end":{"line":443,"column":3}},"213":{"start":{"line":442,"column":4},"end":{"line":442,"column":18}},"214":{"start":{"line":445,"column":2},"end":{"line":445,"column":53}},"215":{"start":{"line":445,"column":15},"end":{"line":445,"column":53}},"216":{"start":{"line":447,"column":2},"end":{"line":686,"column":4}},"217":{"start":{"line":507,"column":50},"end":{"line":507,"column":72}},"218":{"start":{"line":515,"column":14},"end":{"line":526,"column":15}},"219":{"start":{"line":516,"column":37},"end":{"line":516,"column":88}},"220":{"start":{"line":516,"column":68},"end":{"line":516,"column":87}},"221":{"start":{"line":518,"column":16},"end":{"line":523,"column":19}},"222":{"start":{"line":525,"column":16},"end":{"line":525,"column":55}},"223":{"start":{"line":528,"column":51},"end":{"line":531,"column":13}},"224":{"start":{"line":539,"column":29},"end":{"line":539,"column":79}},"225":{"start":{"line":545,"column":33},"end":{"line":545,"column":81}},"226":{"start":{"line":546,"column":47},"end":{"line":549,"column":13}},"227":{"start":{"line":554,"column":53},"end":{"line":554,"column":75}},"228":{"start":{"line":561,"column":49},"end":{"line":561,"column":70}},"229":{"start":{"line":571,"column":37},"end":{"line":571,"column":96}},"230":{"start":{"line":606,"column":33},"end":{"line":606,"column":87}},"231":{"start":{"line":623,"column":33},"end":{"line":623,"column":85}},"232":{"start":{"line":631,"column":33},"end":{"line":631,"column":85}},"233":{"start":{"line":639,"column":33},"end":{"line":639,"column":88}},"234":{"start":{"line":644,"column":53},"end":{"line":644,"column":74}},"235":{"start":{"line":659,"column":55},"end":{"line":659,"column":82}},"236":{"start":{"line":665,"column":51},"end":{"line":665,"column":78}},"237":{"start":{"line":668,"column":14},"end":{"line":668,"column":42}},"238":{"start":{"line":669,"column":14},"end":{"line":669,"column":35}},"239":{"start":{"line":681,"column":23},"end":{"line":681,"column":46}}},"fnMap":{"0":{"name":"(anonymous_0)","decl":{"start":{"line":24,"column":15},"end":{"line":24,"column":16}},"loc":{"start":{"line":24,"column":21},"end":{"line":687,"column":1}},"line":24},"1":{"name":"(anonymous_1)","decl":{"start":{"line":82,"column":38},"end":{"line":82,"column":39}},"loc":{"start":{"line":82,"column":50},"end":{"line":104,"column":3}},"line":82},"2":{"name":"(anonymous_2)","decl":{"start":{"line":106,"column":34},"end":{"line":106,"column":35}},"loc":{"start":{"line":106,"column":46},"end":{"line":129,"column":3}},"line":106},"3":{"name":"(anonymous_3)","decl":{"start":{"line":131,"column":12},"end":{"line":131,"column":13}},"loc":{"start":{"line":131,"column":18},"end":{"line":136,"column":3}},"line":131},"4":{"name":"(anonymous_4)","decl":{"start":{"line":138,"column":33},"end":{"line":138,"column":34}},"loc":{"start":{"line":138,"column":39},"end":{"line":209,"column":3}},"line":138},"5":{"name":"(anonymous_5)","decl":{"start":{"line":165,"column":19},"end":{"line":165,"column":20}},"loc":{"start":{"line":165,"column":28},"end":{"line":208,"column":5}},"line":165},"6":{"name":"(anonymous_6)","decl":{"start":{"line":211,"column":12},"end":{"line":211,"column":13}},"loc":{"start":{"line":211,"column":18},"end":{"line":215,"column":3}},"line":211},"7":{"name":"(anonymous_7)","decl":{"start":{"line":217,"column":22},"end":{"line":217,"column":23}},"loc":{"start":{"line":217,"column":33},"end":{"line":224,"column":3}},"line":217},"8":{"name":"(anonymous_8)","decl":{"start":{"line":226,"column":30},"end":{"line":226,"column":31}},"loc":{"start":{"line":226,"column":40},"end":{"line":231,"column":3}},"line":226},"9":{"name":"(anonymous_9)","decl":{"start":{"line":227,"column":23},"end":{"line":227,"column":24}},"loc":{"start":{"line":227,"column":32},"end":{"line":230,"column":5}},"line":227},"10":{"name":"(anonymous_10)","decl":{"start":{"line":233,"column":30},"end":{"line":233,"column":31}},"loc":{"start":{"line":233,"column":61},"end":{"line":260,"column":3}},"line":233},"11":{"name":"(anonymous_11)","decl":{"start":{"line":246,"column":18},"end":{"line":246,"column":19}},"loc":{"start":{"line":246,"column":26},"end":{"line":250,"column":9}},"line":246},"12":{"name":"(anonymous_12)","decl":{"start":{"line":246,"column":35},"end":{"line":246,"column":36}},"loc":{"start":{"line":247,"column":10},"end":{"line":249,"column":19}},"line":247},"13":{"name":"(anonymous_13)","decl":{"start":{"line":262,"column":26},"end":{"line":262,"column":27}},"loc":{"start":{"line":262,"column":37},"end":{"line":279,"column":3}},"line":262},"14":{"name":"(anonymous_14)","decl":{"start":{"line":281,"column":26},"end":{"line":281,"column":27}},"loc":{"start":{"line":281,"column":37},"end":{"line":316,"column":3}},"line":281},"15":{"name":"(anonymous_15)","decl":{"start":{"line":306,"column":16},"end":{"line":306,"column":17}},"loc":{"start":{"line":306,"column":24},"end":{"line":310,"column":7}},"line":306},"16":{"name":"(anonymous_16)","decl":{"start":{"line":306,"column":33},"end":{"line":306,"column":34}},"loc":{"start":{"line":307,"column":8},"end":{"line":309,"column":17}},"line":307},"17":{"name":"(anonymous_17)","decl":{"start":{"line":318,"column":24},"end":{"line":318,"column":25}},"loc":{"start":{"line":318,"column":41},"end":{"line":343,"column":3}},"line":318},"18":{"name":"(anonymous_18)","decl":{"start":{"line":345,"column":28},"end":{"line":345,"column":29}},"loc":{"start":{"line":345,"column":39},"end":{"line":358,"column":3}},"line":345},"19":{"name":"(anonymous_19)","decl":{"start":{"line":355,"column":18},"end":{"line":355,"column":19}},"loc":{"start":{"line":355,"column":27},"end":{"line":355,"column":68}},"line":355},"20":{"name":"(anonymous_20)","decl":{"start":{"line":360,"column":25},"end":{"line":360,"column":26}},"loc":{"start":{"line":360,"column":37},"end":{"line":390,"column":3}},"line":360},"21":{"name":"(anonymous_21)","decl":{"start":{"line":392,"column":27},"end":{"line":392,"column":28}},"loc":{"start":{"line":392,"column":39},"end":{"line":429,"column":3}},"line":392},"22":{"name":"(anonymous_22)","decl":{"start":{"line":431,"column":28},"end":{"line":431,"column":29}},"loc":{"start":{"line":431,"column":34},"end":{"line":434,"column":3}},"line":431},"23":{"name":"(anonymous_23)","decl":{"start":{"line":436,"column":26},"end":{"line":436,"column":27}},"loc":{"start":{"line":436,"column":32},"end":{"line":439,"column":3}},"line":436},"24":{"name":"(anonymous_24)","decl":{"start":{"line":441,"column":29},"end":{"line":441,"column":30}},"loc":{"start":{"line":441,"column":35},"end":{"line":443,"column":3}},"line":441},"25":{"name":"(anonymous_25)","decl":{"start":{"line":507,"column":44},"end":{"line":507,"column":45}},"loc":{"start":{"line":507,"column":50},"end":{"line":507,"column":72}},"line":507},"26":{"name":"(anonymous_26)","decl":{"start":{"line":514,"column":22},"end":{"line":514,"column":23}},"loc":{"start":{"line":514,"column":33},"end":{"line":527,"column":13}},"line":514},"27":{"name":"(anonymous_27)","decl":{"start":{"line":516,"column":60},"end":{"line":516,"column":61}},"loc":{"start":{"line":516,"column":68},"end":{"line":516,"column":87}},"line":516},"28":{"name":"(anonymous_28)","decl":{"start":{"line":528,"column":40},"end":{"line":528,"column":41}},"loc":{"start":{"line":528,"column":51},"end":{"line":531,"column":13}},"line":528},"29":{"name":"(anonymous_29)","decl":{"start":{"line":539,"column":22},"end":{"line":539,"column":23}},"loc":{"start":{"line":539,"column":29},"end":{"line":539,"column":79}},"line":539},"30":{"name":"(anonymous_30)","decl":{"start":{"line":545,"column":22},"end":{"line":545,"column":23}},"loc":{"start":{"line":545,"column":33},"end":{"line":545,"column":81}},"line":545},"31":{"name":"(anonymous_31)","decl":{"start":{"line":546,"column":35},"end":{"line":546,"column":36}},"loc":{"start":{"line":546,"column":47},"end":{"line":549,"column":13}},"line":546},"32":{"name":"(anonymous_32)","decl":{"start":{"line":554,"column":47},"end":{"line":554,"column":48}},"loc":{"start":{"line":554,"column":53},"end":{"line":554,"column":75}},"line":554},"33":{"name":"(anonymous_33)","decl":{"start":{"line":561,"column":43},"end":{"line":561,"column":44}},"loc":{"start":{"line":561,"column":49},"end":{"line":561,"column":70}},"line":561},"34":{"name":"(anonymous_34)","decl":{"start":{"line":571,"column":26},"end":{"line":571,"column":27}},"loc":{"start":{"line":571,"column":37},"end":{"line":571,"column":96}},"line":571},"35":{"name":"(anonymous_35)","decl":{"start":{"line":606,"column":26},"end":{"line":606,"column":27}},"loc":{"start":{"line":606,"column":33},"end":{"line":606,"column":87}},"line":606},"36":{"name":"(anonymous_36)","decl":{"start":{"line":623,"column":26},"end":{"line":623,"column":27}},"loc":{"start":{"line":623,"column":33},"end":{"line":623,"column":85}},"line":623},"37":{"name":"(anonymous_37)","decl":{"start":{"line":631,"column":26},"end":{"line":631,"column":27}},"loc":{"start":{"line":631,"column":33},"end":{"line":631,"column":85}},"line":631},"38":{"name":"(anonymous_38)","decl":{"start":{"line":639,"column":26},"end":{"line":639,"column":27}},"loc":{"start":{"line":639,"column":33},"end":{"line":639,"column":88}},"line":639},"39":{"name":"(anonymous_39)","decl":{"start":{"line":644,"column":47},"end":{"line":644,"column":48}},"loc":{"start":{"line":644,"column":53},"end":{"line":644,"column":74}},"line":644},"40":{"name":"(anonymous_40)","decl":{"start":{"line":659,"column":49},"end":{"line":659,"column":50}},"loc":{"start":{"line":659,"column":55},"end":{"line":659,"column":82}},"line":659},"41":{"name":"(anonymous_41)","decl":{"start":{"line":665,"column":45},"end":{"line":665,"column":46}},"loc":{"start":{"line":665,"column":51},"end":{"line":665,"column":78}},"line":665},"42":{"name":"(anonymous_42)","decl":{"start":{"line":667,"column":21},"end":{"line":667,"column":22}},"loc":{"start":{"line":667,"column":27},"end":{"line":670,"column":13}},"line":667},"43":{"name":"(anonymous_43)","decl":{"start":{"line":681,"column":17},"end":{"line":681,"column":18}},"loc":{"start":{"line":681,"column":23},"end":{"line":681,"column":46}},"line":681}},"branchMap":{"0":{"loc":{"start":{"line":83,"column":4},"end":{"line":87,"column":5}},"type":"if","locations":[{"start":{"line":83,"column":4},"end":{"line":87,"column":5}},{"start":{},"end":{}}],"line":83},"1":{"loc":{"start":{"line":94,"column":6},"end":{"line":100,"column":7}},"type":"if","locations":[{"start":{"line":94,"column":6},"end":{"line":100,"column":7}},{"start":{"line":98,"column":13},"end":{"line":100,"column":7}}],"line":94},"2":{"loc":{"start":{"line":97,"column":31},"end":{"line":97,"column":50}},"type":"binary-expr","locations":[{"start":{"line":97,"column":31},"end":{"line":97,"column":43}},{"start":{"line":97,"column":47},"end":{"line":97,"column":50}}],"line":97},"3":{"loc":{"start":{"line":97,"column":60},"end":{"line":97,"column":80}},"type":"binary-expr","locations":[{"start":{"line":97,"column":60},"end":{"line":97,"column":73}},{"start":{"line":97,"column":77},"end":{"line":97,"column":80}}],"line":97},"4":{"loc":{"start":{"line":107,"column":4},"end":{"line":111,"column":5}},"type":"if","locations":[{"start":{"line":107,"column":4},"end":{"line":111,"column":5}},{"start":{},"end":{}}],"line":107},"5":{"loc":{"start":{"line":118,"column":6},"end":{"line":123,"column":7}},"type":"if","locations":[{"start":{"line":118,"column":6},"end":{"line":123,"column":7}},{"start":{"line":121,"column":13},"end":{"line":123,"column":7}}],"line":118},"6":{"loc":{"start":{"line":132,"column":4},"end":{"line":135,"column":5}},"type":"if","locations":[{"start":{"line":132,"column":4},"end":{"line":135,"column":5}},{"start":{},"end":{}}],"line":132},"7":{"loc":{"start":{"line":132,"column":8},"end":{"line":132,"column":25}},"type":"binary-expr","locations":[{"start":{"line":132,"column":8},"end":{"line":132,"column":13}},{"start":{"line":132,"column":17},"end":{"line":132,"column":25}}],"line":132},"8":{"loc":{"start":{"line":140,"column":4},"end":{"line":140,"column":24}},"type":"if","locations":[{"start":{"line":140,"column":4},"end":{"line":140,"column":24}},{"start":{},"end":{}}],"line":140},"9":{"loc":{"start":{"line":166,"column":6},"end":{"line":207,"column":7}},"type":"if","locations":[{"start":{"line":166,"column":6},"end":{"line":207,"column":7}},{"start":{},"end":{}}],"line":166},"10":{"loc":{"start":{"line":166,"column":10},"end":{"line":166,"column":56}},"type":"binary-expr","locations":[{"start":{"line":166,"column":10},"end":{"line":166,"column":31}},{"start":{"line":166,"column":35},"end":{"line":166,"column":56}}],"line":166},"11":{"loc":{"start":{"line":171,"column":8},"end":{"line":181,"column":9}},"type":"if","locations":[{"start":{"line":171,"column":8},"end":{"line":181,"column":9}},{"start":{},"end":{}}],"line":171},"12":{"loc":{"start":{"line":171,"column":12},"end":{"line":171,"column":40}},"type":"binary-expr","locations":[{"start":{"line":171,"column":12},"end":{"line":171,"column":26}},{"start":{"line":171,"column":30},"end":{"line":171,"column":40}}],"line":171},"13":{"loc":{"start":{"line":172,"column":10},"end":{"line":176,"column":11}},"type":"if","locations":[{"start":{"line":172,"column":10},"end":{"line":176,"column":11}},{"start":{"line":174,"column":17},"end":{"line":176,"column":11}}],"line":172},"14":{"loc":{"start":{"line":174,"column":17},"end":{"line":176,"column":11}},"type":"if","locations":[{"start":{"line":174,"column":17},"end":{"line":176,"column":11}},{"start":{},"end":{}}],"line":174},"15":{"loc":{"start":{"line":184,"column":22},"end":{"line":184,"column":41}},"type":"binary-expr","locations":[{"start":{"line":184,"column":22},"end":{"line":184,"column":33}},{"start":{"line":184,"column":37},"end":{"line":184,"column":41}}],"line":184},"16":{"loc":{"start":{"line":198,"column":8},"end":{"line":206,"column":9}},"type":"if","locations":[{"start":{"line":198,"column":8},"end":{"line":206,"column":9}},{"start":{},"end":{}}],"line":198},"17":{"loc":{"start":{"line":212,"column":4},"end":{"line":214,"column":5}},"type":"if","locations":[{"start":{"line":212,"column":4},"end":{"line":214,"column":5}},{"start":{},"end":{}}],"line":212},"18":{"loc":{"start":{"line":244,"column":6},"end":{"line":255,"column":7}},"type":"if","locations":[{"start":{"line":244,"column":6},"end":{"line":255,"column":7}},{"start":{"line":251,"column":13},"end":{"line":255,"column":7}}],"line":244},"19":{"loc":{"start":{"line":247,"column":10},"end":{"line":249,"column":19}},"type":"cond-expr","locations":[{"start":{"line":248,"column":14},"end":{"line":248,"column":44}},{"start":{"line":249,"column":14},"end":{"line":249,"column":19}}],"line":247},"20":{"loc":{"start":{"line":266,"column":4},"end":{"line":278,"column":5}},"type":"if","locations":[{"start":{"line":266,"column":4},"end":{"line":278,"column":5}},{"start":{},"end":{}}],"line":266},"21":{"loc":{"start":{"line":285,"column":4},"end":{"line":298,"column":5}},"type":"if","locations":[{"start":{"line":285,"column":4},"end":{"line":298,"column":5}},{"start":{},"end":{}}],"line":285},"22":{"loc":{"start":{"line":285,"column":8},"end":{"line":285,"column":37}},"type":"binary-expr","locations":[{"start":{"line":285,"column":8},"end":{"line":285,"column":22}},{"start":{"line":285,"column":26},"end":{"line":285,"column":37}}],"line":285},"23":{"loc":{"start":{"line":292,"column":6},"end":{"line":297,"column":7}},"type":"if","locations":[{"start":{"line":292,"column":6},"end":{"line":297,"column":7}},{"start":{},"end":{}}],"line":292},"24":{"loc":{"start":{"line":300,"column":4},"end":{"line":315,"column":5}},"type":"if","locations":[{"start":{"line":300,"column":4},"end":{"line":315,"column":5}},{"start":{"line":311,"column":11},"end":{"line":315,"column":5}}],"line":300},"25":{"loc":{"start":{"line":300,"column":8},"end":{"line":300,"column":34}},"type":"binary-expr","locations":[{"start":{"line":300,"column":8},"end":{"line":300,"column":18}},{"start":{"line":300,"column":22},"end":{"line":300,"column":34}}],"line":300},"26":{"loc":{"start":{"line":307,"column":8},"end":{"line":309,"column":17}},"type":"cond-expr","locations":[{"start":{"line":308,"column":12},"end":{"line":308,"column":42}},{"start":{"line":309,"column":12},"end":{"line":309,"column":17}}],"line":307},"27":{"loc":{"start":{"line":311,"column":11},"end":{"line":315,"column":5}},"type":"if","locations":[{"start":{"line":311,"column":11},"end":{"line":315,"column":5}},{"start":{},"end":{}}],"line":311},"28":{"loc":{"start":{"line":314,"column":28},"end":{"line":314,"column":66}},"type":"cond-expr","locations":[{"start":{"line":314,"column":46},"end":{"line":314,"column":52}},{"start":{"line":314,"column":55},"end":{"line":314,"column":66}}],"line":314},"29":{"loc":{"start":{"line":322,"column":4},"end":{"line":332,"column":5}},"type":"if","locations":[{"start":{"line":322,"column":4},"end":{"line":332,"column":5}},{"start":{"line":328,"column":11},"end":{"line":332,"column":5}}],"line":322},"30":{"loc":{"start":{"line":322,"column":8},"end":{"line":322,"column":34}},"type":"binary-expr","locations":[{"start":{"line":322,"column":8},"end":{"line":322,"column":18}},{"start":{"line":322,"column":22},"end":{"line":322,"column":34}}],"line":322},"31":{"loc":{"start":{"line":328,"column":11},"end":{"line":332,"column":5}},"type":"if","locations":[{"start":{"line":328,"column":11},"end":{"line":332,"column":5}},{"start":{},"end":{}}],"line":328},"32":{"loc":{"start":{"line":328,"column":15},"end":{"line":328,"column":59}},"type":"binary-expr","locations":[{"start":{"line":328,"column":15},"end":{"line":328,"column":29}},{"start":{"line":328,"column":33},"end":{"line":328,"column":59}}],"line":328},"33":{"loc":{"start":{"line":348,"column":4},"end":{"line":348,"column":45}},"type":"if","locations":[{"start":{"line":348,"column":4},"end":{"line":348,"column":45}},{"start":{},"end":{}}],"line":348},"34":{"loc":{"start":{"line":348,"column":8},"end":{"line":348,"column":36}},"type":"binary-expr","locations":[{"start":{"line":348,"column":8},"end":{"line":348,"column":18}},{"start":{"line":348,"column":22},"end":{"line":348,"column":36}}],"line":348},"35":{"loc":{"start":{"line":353,"column":4},"end":{"line":357,"column":5}},"type":"if","locations":[{"start":{"line":353,"column":4},"end":{"line":357,"column":5}},{"start":{},"end":{}}],"line":353},"36":{"loc":{"start":{"line":361,"column":4},"end":{"line":361,"column":62}},"type":"if","locations":[{"start":{"line":361,"column":4},"end":{"line":361,"column":62}},{"start":{},"end":{}}],"line":361},"37":{"loc":{"start":{"line":361,"column":8},"end":{"line":361,"column":53}},"type":"binary-expr","locations":[{"start":{"line":361,"column":8},"end":{"line":361,"column":22}},{"start":{"line":361,"column":26},"end":{"line":361,"column":40}},{"start":{"line":361,"column":44},"end":{"line":361,"column":53}}],"line":361},"38":{"loc":{"start":{"line":380,"column":6},"end":{"line":386,"column":7}},"type":"if","locations":[{"start":{"line":380,"column":6},"end":{"line":386,"column":7}},{"start":{"line":384,"column":13},"end":{"line":386,"column":7}}],"line":380},"39":{"loc":{"start":{"line":393,"column":4},"end":{"line":393,"column":31}},"type":"if","locations":[{"start":{"line":393,"column":4},"end":{"line":393,"column":31}},{"start":{},"end":{}}],"line":393},"40":{"loc":{"start":{"line":409,"column":14},"end":{"line":409,"column":47}},"type":"binary-expr","locations":[{"start":{"line":409,"column":14},"end":{"line":409,"column":39}},{"start":{"line":409,"column":43},"end":{"line":409,"column":47}}],"line":409},"41":{"loc":{"start":{"line":410,"column":14},"end":{"line":410,"column":47}},"type":"binary-expr","locations":[{"start":{"line":410,"column":14},"end":{"line":410,"column":39}},{"start":{"line":410,"column":43},"end":{"line":410,"column":47}}],"line":410},"42":{"loc":{"start":{"line":415,"column":6},"end":{"line":425,"column":7}},"type":"if","locations":[{"start":{"line":415,"column":6},"end":{"line":425,"column":7}},{"start":{"line":423,"column":13},"end":{"line":425,"column":7}}],"line":415},"43":{"loc":{"start":{"line":445,"column":2},"end":{"line":445,"column":53}},"type":"if","locations":[{"start":{"line":445,"column":2},"end":{"line":445,"column":53}},{"start":{},"end":{}}],"line":445},"44":{"loc":{"start":{"line":454,"column":18},"end":{"line":454,"column":46}},"type":"binary-expr","locations":[{"start":{"line":454,"column":18},"end":{"line":454,"column":34}},{"start":{"line":454,"column":38},"end":{"line":454,"column":46}}],"line":454},"45":{"loc":{"start":{"line":456,"column":15},"end":{"line":460,"column":15}},"type":"binary-expr","locations":[{"start":{"line":456,"column":15},"end":{"line":456,"column":38}},{"start":{"line":457,"column":16},"end":{"line":459,"column":23}}],"line":456},"46":{"loc":{"start":{"line":477,"column":7},"end":{"line":481,"column":7}},"type":"binary-expr","locations":[{"start":{"line":477,"column":7},"end":{"line":477,"column":12}},{"start":{"line":478,"column":8},"end":{"line":480,"column":16}}],"line":477},"47":{"loc":{"start":{"line":515,"column":14},"end":{"line":526,"column":15}},"type":"if","locations":[{"start":{"line":515,"column":14},"end":{"line":526,"column":15}},{"start":{"line":524,"column":21},"end":{"line":526,"column":15}}],"line":515},"48":{"loc":{"start":{"line":521,"column":24},"end":{"line":521,"column":46}},"type":"binary-expr","locations":[{"start":{"line":521,"column":24},"end":{"line":521,"column":37}},{"start":{"line":521,"column":41},"end":{"line":521,"column":46}}],"line":521},"49":{"loc":{"start":{"line":522,"column":25},"end":{"line":522,"column":68}},"type":"binary-expr","locations":[{"start":{"line":522,"column":25},"end":{"line":522,"column":39}},{"start":{"line":522,"column":43},"end":{"line":522,"column":62}},{"start":{"line":522,"column":66},"end":{"line":522,"column":68}}],"line":522},"50":{"loc":{"start":{"line":545,"column":67},"end":{"line":545,"column":78}},"type":"binary-expr","locations":[{"start":{"line":545,"column":67},"end":{"line":545,"column":72}},{"start":{"line":545,"column":76},"end":{"line":545,"column":78}}],"line":545},"51":{"loc":{"start":{"line":555,"column":55},"end":{"line":555,"column":106}},"type":"binary-expr","locations":[{"start":{"line":555,"column":55},"end":{"line":555,"column":69}},{"start":{"line":555,"column":73},"end":{"line":555,"column":87}},{"start":{"line":555,"column":91},"end":{"line":555,"column":106}}],"line":555},"52":{"loc":{"start":{"line":571,"column":74},"end":{"line":571,"column":93}},"type":"binary-expr","locations":[{"start":{"line":571,"column":74},"end":{"line":571,"column":79}},{"start":{"line":571,"column":83},"end":{"line":571,"column":93}}],"line":571}},"s":{"0":0,"1":0,"2":0,"3":0,"4":0,"5":0,"6":0,"7":0,"8":0,"9":0,"10":0,"11":0,"12":0,"13":0,"14":0,"15":0,"16":0,"17":0,"18":0,"19":0,"20":0,"21":0,"22":0,"23":0,"24":0,"25":0,"26":0,"27":0,"28":0,"29":0,"30":0,"31":0,"32":0,"33":0,"34":0,"35":0,"36":0,"37":0,"38":0,"39":0,"40":0,"41":0,"42":0,"43":0,"44":0,"45":0,"46":0,"47":0,"48":0,"49":0,"50":0,"51":0,"52":0,"53":0,"54":0,"55":0,"56":0,"57":0,"58":0,"59":0,"60":0,"61":0,"62":0,"63":0,"64":0,"65":0,"66":0,"67":0,"68":0,"69":0,"70":0,"71":0,"72":0,"73":0,"74":0,"75":0,"76":0,"77":0,"78":0,"79":0,"80":0,"81":0,"82":0,"83":0,"84":0,"85":0,"86":0,"87":0,"88":0,"89":0,"90":0,"91":0,"92":0,"93":0,"94":0,"95":0,"96":0,"97":0,"98":0,"99":0,"100":0,"101":0,"102":0,"103":0,"104":0,"105":0,"106":0,"107":0,"108":0,"109":0,"110":0,"111":0,"112":0,"113":0,"114":0,"115":0,"116":0,"117":0,"118":0,"119":0,"120":0,"121":0,"122":0,"123":0,"124":0,"125":0,"126":0,"127":0,"128":0,"129":0,"130":0,"131":0,"132":0,"133":0,"134":0,"135":0,"136":0,"137":0,"138":0,"139":0,"140":0,"141":0,"142":0,"143":0,"144":0,"145":0,"146":0,"147":0,"148":0,"149":0,"150":0,"151":0,"152":0,"153":0,"154":0,"155":0,"156":0,"157":0,"158":0,"159":0,"160":0,"161":0,"162":0,"163":0,"164":0,"165":0,"166":0,"167":0,"168":0,"169":0,"170":0,"171":0,"172":0,"173":0,"174":0,"175":0,"176":0,"177":0,"178":0,"179":0,"180":0,"181":0,"182":0,"183":0,"184":0,"185":0,"186":0,"187":0,"188":0,"189":0,"190":0,"191":0,"192":0,"193":0,"194":0,"195":0,"196":0,"197":0,"198":0,"199":0,"200":0,"201":0,"202":0,"203":0,"204":0,"205":0,"206":0,"207":0,"208":0,"209":0,"210":0,"211":0,"212":0,"213":0,"214":0,"215":0,"216":0,"217":0,"218":0,"219":0,"220":0,"221":0,"222":0,"223":0,"224":0,"225":0,"226":0,"227":0,"228":0,"229":0,"230":0,"231":0,"232":0,"233":0,"234":0,"235":0,"236":0,"237":0,"238":0,"239":0},"f":{"0":0,"1":0,"2":0,"3":0,"4":0,"5":0,"6":0,"7":0,"8":0,"9":0,"10":0,"11":0,"12":0,"13":0,"14":0,"15":0,"16":0,"17":0,"18":0,"19":0,"20":0,"21":0,"22":0,"23":0,"24":0,"25":0,"26":0,"27":0,"28":0,"29":0,"30":0,"31":0,"32":0,"33":0,"34":0,"35":0,"36":0,"37":0,"38":0,"39":0,"40":0,"41":0,"42":0,"43":0},"b":{"0":[0,0],"1":[0,0],"2":[0,0],"3":[0,0],"4":[0,0],"5":[0,0],"6":[0,0],"7":[0,0],"8":[0,0],"9":[0,0],"10":[0,0],"11":[0,0],"12":[0,0],"13":[0,0],"14":[0,0],"15":[0,0],"16":[0,0],"17":[0,0],"18":[0,0],"19":[0,0],"20":[0,0],"21":[0,0],"22":[0,0],"23":[0,0],"24":[0,0],"25":[0,0],"26":[0,0],"27":[0,0],"28":[0,0],"29":[0,0],"30":[0,0],"31":[0,0],"32":[0,0],"33":[0,0],"34":[0,0],"35":[0,0],"36":[0,0],"37":[0,0,0],"38":[0,0],"39":[0,0],"40":[0,0],"41":[0,0],"42":[0,0],"43":[0,0],"44":[0,0],"45":[0,0],"46":[0,0],"47":[0,0],"48":[0,0],"49":[0,0,0],"50":[0,0],"51":[0,0,0],"52":[0,0]}}
[...]
,"/home/filken/dev/horti_clj/horti-ui/src/components/PlantList.js": {"path":"/home/filken/dev/horti_clj/horti-ui/src/components/PlantList.js","statementMap":{"0":{"start":{"line":24,"column":18},"end":{"line":374,"column":1}},"1":{"start":{"line":25,"column":30},"end":{"line":25,"column":42}},"2":{"start":{"line":26,"column":34},"end":{"line":26,"column":46}},"3":{"start":{"line":27,"column":32},"end":{"line":27,"column":46}},"4":{"start":{"line":28,"column":28},"end":{"line":28,"column":42}},"5":{"start":{"line":29,"column":26},"end":{"line":29,"column":41}},"6":{"start":{"line":30,"column":48},"end":{"line":30,"column":63}},"7":{"start":{"line":31,"column":44},"end":{"line":31,"column":59}},"8":{"start":{"line":32,"column":44},"end":{"line":32,"column":58}},"9":{"start":{"line":33,"column":40},"end":{"line":33,"column":54}},"10":{"start":{"line":34,"column":50},"end":{"line":34,"column":62}},"11":{"start":{"line":35,"column":34},"end":{"line":40,"column":4}},"12":{"start":{"line":41,"column":20},"end":{"line":41,"column":43}},"13":{"start":{"line":43,"column":22},"end":{"line":60,"column":3}},"14":{"start":{"line":44,"column":4},"end":{"line":59,"column":5}},"15":{"start":{"line":45,"column":23},"end":{"line":49,"column":8}},"16":{"start":{"line":51,"column":6},"end":{"line":56,"column":7}},"17":{"start":{"line":52,"column":21},"end":{"line":52,"column":42}},"18":{"start":{"line":53,"column":8},"end":{"line":53,"column":24}},"19":{"start":{"line":55,"column":8},"end":{"line":55,"column":43}},"20":{"start":{"line":58,"column":6},"end":{"line":58,"column":45}},"21":{"start":{"line":62,"column":24},"end":{"line":79,"column":3}},"22":{"start":{"line":63,"column":4},"end":{"line":78,"column":5}},"23":{"start":{"line":64,"column":23},"end":{"line":68,"column":8}},"24":{"start":{"line":70,"column":6},"end":{"line":75,"column":7}},"25":{"start":{"line":71,"column":21},"end":{"line":71,"column":42}},"26":{"start":{"line":72,"column":8},"end":{"line":72,"column":26}},"27":{"start":{"line":74,"column":8},"end":{"line":74,"column":45}},"28":{"start":{"line":77,"column":6},"end":{"line":77,"column":45}},"29":{"start":{"line":81,"column":2},"end":{"line":86,"column":14}},"30":{"start":{"line":82,"column":4},"end":{"line":85,"column":5}},"31":{"start":{"line":83,"column":6},"end":{"line":84,"column":42}},"32":{"start":{"line":84,"column":23},"end":{"line":84,"column":40}},"33":{"start":{"line":89,"column":30},"end":{"line":107,"column":3}},"34":{"start":{"line":90,"column":22},"end":{"line":93,"column":10}},"35":{"start":{"line":91,"column":6},"end":{"line":91,"column":35}},"36":{"start":{"line":92,"column":6},"end":{"line":92,"column":17}},"37":{"start":{"line":95,"column":20},"end":{"line":104,"column":10}},"38":{"start":{"line":96,"column":23},"end":{"line":96,"column":75}},"39":{"start":{"line":97,"column":25},"end":{"line":97,"column":67}},"40":{"start":{"line":99,"column":6},"end":{"line":101,"column":7}},"41":{"start":{"line":100,"column":8},"end":{"line":100,"column":29}},"42":{"start":{"line":102,"column":6},"end":{"line":102,"column":34}},"43":{"start":{"line":103,"column":6},"end":{"line":103,"column":17}},"44":{"start":{"line":106,"column":4},"end":{"line":106,"column":19}},"45":{"start":{"line":109,"column":25},"end":{"line":130,"column":3}},"46":{"start":{"line":110,"column":4},"end":{"line":129,"column":5}},"47":{"start":{"line":111,"column":23},"end":{"line":118,"column":8}},"48":{"start":{"line":120,"column":6},"end":{"line":126,"column":7}},"49":{"start":{"line":121,"column":8},"end":{"line":121,"column":23}},"50":{"start":{"line":122,"column":8},"end":{"line":122,"column":76}},"51":{"start":{"line":123,"column":8},"end":{"line":123,"column":22}},"52":{"start":{"line":125,"column":8},"end":{"line":125,"column":40}},"53":{"start":{"line":128,"column":6},"end":{"line":128,"column":37}},"54":{"start":{"line":132,"column":28},"end":{"line":157,"column":3}},"55":{"start":{"line":133,"column":4},"end":{"line":136,"column":5}},"56":{"start":{"line":134,"column":6},"end":{"line":134,"column":44}},"57":{"start":{"line":135,"column":6},"end":{"line":135,"column":13}},"58":{"start":{"line":138,"column":4},"end":{"line":156,"column":5}},"59":{"start":{"line":139,"column":23},"end":{"line":144,"column":8}},"60":{"start":{"line":146,"column":6},"end":{"line":153,"column":7}},"61":{"start":{"line":147,"column":8},"end":{"line":147,"column":34}},"62":{"start":{"line":148,"column":8},"end":{"line":148,"column":31}},"63":{"start":{"line":149,"column":8},"end":{"line":149,"column":32}},"64":{"start":{"line":150,"column":8},"end":{"line":150,"column":22}},"65":{"start":{"line":152,"column":8},"end":{"line":152,"column":43}},"66":{"start":{"line":155,"column":6},"end":{"line":155,"column":39}},"67":{"start":{"line":159,"column":26},"end":{"line":163,"column":3}},"68":{"start":{"line":160,"column":4},"end":{"line":160,"column":28}},"69":{"start":{"line":161,"column":4},"end":{"line":161,"column":28}},"70":{"start":{"line":162,"column":4},"end":{"line":162,"column":29}},"71":{"start":{"line":165,"column":24},"end":{"line":168,"column":3}},"72":{"start":{"line":166,"column":4},"end":{"line":166,"column":26}},"73":{"start":{"line":167,"column":4},"end":{"line":167,"column":27}},"74":{"start":{"line":170,"column":29},"end":{"line":172,"column":3}},"75":{"start":{"line":171,"column":4},"end":{"line":171,"column":18}},"76":{"start":{"line":174,"column":26},"end":{"line":218,"column":3}},"77":{"start":{"line":175,"column":4},"end":{"line":217,"column":15}},"78":{"start":{"line":187,"column":29},"end":{"line":187,"column":49}},"79":{"start":{"line":194,"column":29},"end":{"line":194,"column":51}},"80":{"start":{"line":220,"column":2},"end":{"line":220,"column":53}},"81":{"start":{"line":220,"column":15},"end":{"line":220,"column":53}},"82":{"start":{"line":222,"column":24},"end":{"line":222,"column":45}},"83":{"start":{"line":223,"column":20},"end":{"line":223,"column":37}},"84":{"start":{"line":225,"column":2},"end":{"line":373,"column":4}},"85":{"start":{"line":245,"column":12},"end":{"line":265,"column":18}},"86":{"start":{"line":296,"column":23},"end":{"line":296,"column":36}},"87":{"start":{"line":301,"column":42},"end":{"line":301,"column":56}},"88":{"start":{"line":306,"column":29},"end":{"line":306,"column":79}},"89":{"start":{"line":311,"column":29},"end":{"line":311,"column":82}},"90":{"start":{"line":317,"column":29},"end":{"line":317,"column":87}},"91":{"start":{"line":323,"column":29},"end":{"line":323,"column":80}},"92":{"start":{"line":326,"column":53},"end":{"line":326,"column":67}},"93":{"start":{"line":334,"column":23},"end":{"line":334,"column":48}},"94":{"start":{"line":348,"column":29},"end":{"line":348,"column":64}},"95":{"start":{"line":351,"column":53},"end":{"line":351,"column":78}},"96":{"start":{"line":368,"column":23},"end":{"line":368,"column":46}}},"fnMap":{"0":{"name":"(anonymous_0)","decl":{"start":{"line":24,"column":18},"end":{"line":24,"column":19}},"loc":{"start":{"line":24,"column":24},"end":{"line":374,"column":1}},"line":24},"1":{"name":"(anonymous_1)","decl":{"start":{"line":43,"column":22},"end":{"line":43,"column":23}},"loc":{"start":{"line":43,"column":34},"end":{"line":60,"column":3}},"line":43},"2":{"name":"(anonymous_2)","decl":{"start":{"line":62,"column":24},"end":{"line":62,"column":25}},"loc":{"start":{"line":62,"column":36},"end":{"line":79,"column":3}},"line":62},"3":{"name":"(anonymous_3)","decl":{"start":{"line":81,"column":12},"end":{"line":81,"column":13}},"loc":{"start":{"line":81,"column":18},"end":{"line":86,"column":3}},"line":81},"4":{"name":"(anonymous_4)","decl":{"start":{"line":84,"column":17},"end":{"line":84,"column":18}},"loc":{"start":{"line":84,"column":23},"end":{"line":84,"column":40}},"line":84},"5":{"name":"(anonymous_5)","decl":{"start":{"line":89,"column":30},"end":{"line":89,"column":31}},"loc":{"start":{"line":89,"column":36},"end":{"line":107,"column":3}},"line":89},"6":{"name":"(anonymous_6)","decl":{"start":{"line":90,"column":38},"end":{"line":90,"column":39}},"loc":{"start":{"line":90,"column":55},"end":{"line":93,"column":5}},"line":90},"7":{"name":"(anonymous_7)","decl":{"start":{"line":95,"column":34},"end":{"line":95,"column":35}},"loc":{"start":{"line":95,"column":50},"end":{"line":104,"column":5}},"line":95},"8":{"name":"(anonymous_8)","decl":{"start":{"line":109,"column":25},"end":{"line":109,"column":26}},"loc":{"start":{"line":109,"column":37},"end":{"line":130,"column":3}},"line":109},"9":{"name":"(anonymous_9)","decl":{"start":{"line":132,"column":28},"end":{"line":132,"column":29}},"loc":{"start":{"line":132,"column":40},"end":{"line":157,"column":3}},"line":132},"10":{"name":"(anonymous_10)","decl":{"start":{"line":159,"column":26},"end":{"line":159,"column":27}},"loc":{"start":{"line":159,"column":37},"end":{"line":163,"column":3}},"line":159},"11":{"name":"(anonymous_11)","decl":{"start":{"line":165,"column":24},"end":{"line":165,"column":25}},"loc":{"start":{"line":165,"column":35},"end":{"line":168,"column":3}},"line":165},"12":{"name":"(anonymous_12)","decl":{"start":{"line":170,"column":29},"end":{"line":170,"column":30}},"loc":{"start":{"line":170,"column":35},"end":{"line":172,"column":3}},"line":170},"13":{"name":"(anonymous_13)","decl":{"start":{"line":174,"column":26},"end":{"line":174,"column":27}},"loc":{"start":{"line":175,"column":4},"end":{"line":217,"column":15}},"line":175},"14":{"name":"(anonymous_14)","decl":{"start":{"line":187,"column":23},"end":{"line":187,"column":24}},"loc":{"start":{"line":187,"column":29},"end":{"line":187,"column":49}},"line":187},"15":{"name":"(anonymous_15)","decl":{"start":{"line":194,"column":23},"end":{"line":194,"column":24}},"loc":{"start":{"line":194,"column":29},"end":{"line":194,"column":51}},"line":194},"16":{"name":"(anonymous_16)","decl":{"start":{"line":244,"column":45},"end":{"line":244,"column":46}},"loc":{"start":{"line":245,"column":12},"end":{"line":265,"column":18}},"line":245},"17":{"name":"(anonymous_17)","decl":{"start":{"line":296,"column":17},"end":{"line":296,"column":18}},"loc":{"start":{"line":296,"column":23},"end":{"line":296,"column":36}},"line":296},"18":{"name":"(anonymous_18)","decl":{"start":{"line":301,"column":36},"end":{"line":301,"column":37}},"loc":{"start":{"line":301,"column":42},"end":{"line":301,"column":56}},"line":301},"19":{"name":"(anonymous_19)","decl":{"start":{"line":306,"column":22},"end":{"line":306,"column":23}},"loc":{"start":{"line":306,"column":29},"end":{"line":306,"column":79}},"line":306},"20":{"name":"(anonymous_20)","decl":{"start":{"line":311,"column":22},"end":{"line":311,"column":23}},"loc":{"start":{"line":311,"column":29},"end":{"line":311,"column":82}},"line":311},"21":{"name":"(anonymous_21)","decl":{"start":{"line":317,"column":22},"end":{"line":317,"column":23}},"loc":{"start":{"line":317,"column":29},"end":{"line":317,"column":87}},"line":317},"22":{"name":"(anonymous_22)","decl":{"start":{"line":323,"column":22},"end":{"line":323,"column":23}},"loc":{"start":{"line":323,"column":29},"end":{"line":323,"column":80}},"line":323},"23":{"name":"(anonymous_23)","decl":{"start":{"line":326,"column":47},"end":{"line":326,"column":48}},"loc":{"start":{"line":326,"column":53},"end":{"line":326,"column":67}},"line":326},"24":{"name":"(anonymous_24)","decl":{"start":{"line":334,"column":17},"end":{"line":334,"column":18}},"loc":{"start":{"line":334,"column":23},"end":{"line":334,"column":48}},"line":334},"25":{"name":"(anonymous_25)","decl":{"start":{"line":348,"column":22},"end":{"line":348,"column":23}},"loc":{"start":{"line":348,"column":29},"end":{"line":348,"column":64}},"line":348},"26":{"name":"(anonymous_26)","decl":{"start":{"line":351,"column":47},"end":{"line":351,"column":48}},"loc":{"start":{"line":351,"column":53},"end":{"line":351,"column":78}},"line":351},"27":{"name":"(anonymous_27)","decl":{"start":{"line":368,"column":17},"end":{"line":368,"column":18}},"loc":{"start":{"line":368,"column":23},"end":{"line":368,"column":46}},"line":368}},"branchMap":{"0":{"loc":{"start":{"line":51,"column":6},"end":{"line":56,"column":7}},"type":"if","locations":[{"start":{"line":51,"column":6},"end":{"line":56,"column":7}},{"start":{"line":54,"column":13},"end":{"line":56,"column":7}}],"line":51},"1":{"loc":{"start":{"line":70,"column":6},"end":{"line":75,"column":7}},"type":"if","locations":[{"start":{"line":70,"column":6},"end":{"line":75,"column":7}},{"start":{"line":73,"column":13},"end":{"line":75,"column":7}}],"line":70},"2":{"loc":{"start":{"line":82,"column":4},"end":{"line":85,"column":5}},"type":"if","locations":[{"start":{"line":82,"column":4},"end":{"line":85,"column":5}},{"start":{},"end":{}}],"line":82},"3":{"loc":{"start":{"line":96,"column":23},"end":{"line":96,"column":75}},"type":"binary-expr","locations":[{"start":{"line":96,"column":23},"end":{"line":96,"column":37}},{"start":{"line":96,"column":41},"end":{"line":96,"column":59}},{"start":{"line":96,"column":63},"end":{"line":96,"column":75}}],"line":96},"4":{"loc":{"start":{"line":97,"column":25},"end":{"line":97,"column":67}},"type":"binary-expr","locations":[{"start":{"line":97,"column":25},"end":{"line":97,"column":44}},{"start":{"line":97,"column":48},"end":{"line":97,"column":67}}],"line":97},"5":{"loc":{"start":{"line":99,"column":6},"end":{"line":101,"column":7}},"type":"if","locations":[{"start":{"line":99,"column":6},"end":{"line":101,"column":7}},{"start":{},"end":{}}],"line":99},"6":{"loc":{"start":{"line":120,"column":6},"end":{"line":126,"column":7}},"type":"if","locations":[{"start":{"line":120,"column":6},"end":{"line":126,"column":7}},{"start":{"line":124,"column":13},"end":{"line":126,"column":7}}],"line":120},"7":{"loc":{"start":{"line":133,"column":4},"end":{"line":136,"column":5}},"type":"if","locations":[{"start":{"line":133,"column":4},"end":{"line":136,"column":5}},{"start":{},"end":{}}],"line":133},"8":{"loc":{"start":{"line":133,"column":8},"end":{"line":133,"column":65}},"type":"binary-expr","locations":[{"start":{"line":133,"column":8},"end":{"line":133,"column":22}},{"start":{"line":133,"column":26},"end":{"line":133,"column":65}}],"line":133},"9":{"loc":{"start":{"line":146,"column":6},"end":{"line":153,"column":7}},"type":"if","locations":[{"start":{"line":146,"column":6},"end":{"line":153,"column":7}},{"start":{"line":151,"column":13},"end":{"line":153,"column":7}}],"line":146},"10":{"loc":{"start":{"line":179,"column":29},"end":{"line":179,"column":48}},"type":"binary-expr","locations":[{"start":{"line":179,"column":29},"end":{"line":179,"column":40}},{"start":{"line":179,"column":44},"end":{"line":179,"column":48}}],"line":179},"11":{"loc":{"start":{"line":203,"column":22},"end":{"line":203,"column":62}},"type":"binary-expr","locations":[{"start":{"line":203,"column":22},"end":{"line":203,"column":35}},{"start":{"line":203,"column":39},"end":{"line":203,"column":49}},{"start":{"line":203,"column":53},"end":{"line":203,"column":62}}],"line":203},"12":{"loc":{"start":{"line":205,"column":11},"end":{"line":209,"column":11}},"type":"binary-expr","locations":[{"start":{"line":205,"column":12},"end":{"line":205,"column":30}},{"start":{"line":205,"column":34},"end":{"line":205,"column":56}},{"start":{"line":206,"column":12},"end":{"line":208,"column":19}}],"line":205},"13":{"loc":{"start":{"line":207,"column":33},"end":{"line":207,"column":77}},"type":"binary-expr","locations":[{"start":{"line":207,"column":33},"end":{"line":207,"column":51}},{"start":{"line":207,"column":55},"end":{"line":207,"column":77}}],"line":207},"14":{"loc":{"start":{"line":210,"column":11},"end":{"line":214,"column":11}},"type":"binary-expr","locations":[{"start":{"line":210,"column":11},"end":{"line":210,"column":22}},{"start":{"line":211,"column":12},"end":{"line":213,"column":19}}],"line":210},"15":{"loc":{"start":{"line":220,"column":2},"end":{"line":220,"column":53}},"type":"if","locations":[{"start":{"line":220,"column":2},"end":{"line":220,"column":53}},{"start":{},"end":{}}],"line":220},"16":{"loc":{"start":{"line":236,"column":7},"end":{"line":240,"column":7}},"type":"binary-expr","locations":[{"start":{"line":236,"column":7},"end":{"line":236,"column":12}},{"start":{"line":237,"column":8},"end":{"line":239,"column":16}}],"line":236},"17":{"loc":{"start":{"line":242,"column":7},"end":{"line":282,"column":7}},"type":"cond-expr","locations":[{"start":{"line":243,"column":8},"end":{"line":267,"column":16}},{"start":{"line":269,"column":8},"end":{"line":281,"column":16}}],"line":242},"18":{"loc":{"start":{"line":253,"column":48},"end":{"line":253,"column":84}},"type":"cond-expr","locations":[{"start":{"line":253,"column":76},"end":{"line":253,"column":79}},{"start":{"line":253,"column":82},"end":{"line":253,"column":84}}],"line":253},"19":{"loc":{"start":{"line":262,"column":15},"end":{"line":264,"column":15}},"type":"binary-expr","locations":[{"start":{"line":262,"column":15},"end":{"line":262,"column":101}},{"start":{"line":263,"column":16},"end":{"line":263,"column":35}}],"line":262}},"s":{"0":0,"1":0,"2":0,"3":0,"4":0,"5":0,"6":0,"7":0,"8":0,"9":0,"10":0,"11":0,"12":0,"13":0,"14":0,"15":0,"16":0,"17":0,"18":0,"19":0,"20":0,"21":0,"22":0,"23":0,"24":0,"25":0,"26":0,"27":0,"28":0,"29":0,"30":0,"31":0,"32":0,"33":0,"34":0,"35":0,"36":0,"37":0,"38":0,"39":0,"40":0,"41":0,"42":0,"43":0,"44":0,"45":0,"46":0,"47":0,"48":0,"49":0,"50":0,"51":0,"52":0,"53":0,"54":0,"55":0,"56":0,"57":0,"58":0,"59":0,"60":0,"61":0,"62":0,"63":0,"64":0,"65":0,"66":0,"67":0,"68":0,"69":0,"70":0,"71":0,"72":0,"73":0,"74":0,"75":0,"76":0,"77":0,"78":0,"79":0,"80":0,"81":0,"82":0,"83":0,"84":0,"85":0,"86":0,"87":0,"88":0,"89":0,"90":0,"91":0,"92":0,"93":0,"94":0,"95":0,"96":0},"f":{"0":0,"1":0,"2":0,"3":0,"4":0,"5":0,"6":0,"7":0,"8":0,"9":0,"10":0,"11":0,"12":0,"13":0,"14":0,"15":0,"16":0,"17":0,"18":0,"19":0,"20":0,"21":0,"22":0,"23":0,"24":0,"25":0,"26":0,"27":0},"b":{"0":[0,0],"1":[0,0],"2":[0,0],"3":[0,0,0],"4":[0,0],"5":[0,0],"6":[0,0],"7":[0,0],"8":[0,0],"9":[0,0],"10":[0,0],"11":[0,0,0],"12":[0,0,0],"13":[0,0],"14":[0,0],"15":[0,0],"16":[0,0],"17":[0,0],"18":[0,0],"19":[0,0]}}
,"/home/filken/dev/horti_clj/horti-ui/src/contexts/UserContext.js": {"path":"/home/filken/dev/horti_clj/horti-ui/src/contexts/UserContext.js","statementMap":{"0":{"start":{"line":3,"column":27},"end":{"line":6,"column":2}}},"fnMap":{},"branchMap":{},"s":{"0":0},"f":{},"b":{}}
}
